<?xml version="1.0" encoding="UTF-8"?>
<testsuite xmlns:xsi="http://www.w3.org/2001/XMLSchema-instance" xsi:noNamespaceSchemaLocation="https://maven.apache.org/surefire/maven-surefire-plugin/xsd/surefire-test-report-3.0.xsd" version="3.0" name="com.pos.branch.service.ConcurrencyIntegrationTest" time="9.066" tests="1" errors="0" skipped="0" failures="0">
  <properties>
[...]
</properties>
  <testcase name="testConcurrentSalesDeduction" classname="com.pos.branch.service.ConcurrencyIntegrationTest" time="1.056">
    <system-out><![CDATA[&amp#27;[2m2026-04-14T21:19:15.779+08:00&amp#27;[0;39m &amp#27;[32m INFO&amp#27;[0;39m &amp#27;[35m8225&amp#27;[0;39m &amp#27;[2m---&amp#27;[0;39m &amp#27;[2m[branch-server] [           main]&amp#27;[0;39m &amp#27;[2m&amp#27;[0;39m&amp#27;[36mt.c.s.AnnotationConfigContextLoaderUtils&amp#27;[0;39m &amp#27;[2m:&amp#27;[0;39m Could not detect default configuration classes for test class [com.pos.branch.service.ConcurrencyIntegrationTest]: ConcurrencyIntegrationTest does not declare any static, non-private, non-final, nested classes annotated with @Configuration.
&amp#27;[2m2026-04-14T21:19:15.805+08:00&amp#27;[0;39m &amp#27;[32m INFO&amp#27;[0;39m &amp#27;[35m8225&amp#27;[0;39m &amp#27;[2m---&amp#27;[0;39m &amp#27;[2m[branch-server] [           main]&amp#27;[0;39m &amp#27;[2m&amp#27;[0;39m&amp#27;[36m.b.t.c.SpringBootTestContextBootstrapper&amp#27;[0;39m &amp#27;[2m:&amp#27;[0;39m Found @SpringBootConfiguration com.pos.branch.BranchServerApplication for test class com.pos.branch.service.ConcurrencyIntegrationTest

  .   ____          _            __ _ _
 /\\ / ___'_ __ _ _(_)_ __  __ _ \ \ \ \
( ( )\___ | '_ | '_| | '_ \/ _` | \ \ \ \
 \\/  ___)| |_)| | | | | || (_| |  ) ) ) )
  '  |____| .__|_| |_|_| |_\__, | / / / /
 =========|_|==============|___/=/_/_/_/
&amp#27;[32m :: Spring Boot :: &amp#27;[39m              &amp#27;[2m (v3.2.3)&amp#27;[0;39m

&amp#27;[2m2026-04-14T21:19:15.860+08:00&amp#27;[0;39m &amp#27;[32m INFO&amp#27;[0;39m &amp#27;[35m8225&amp#27;[0;39m &amp#27;[2m---&amp#27;[0;39m &amp#27;[2m[branch-server] [           main]&amp#27;[0;39m &amp#27;[2m&amp#27;[0;39m&amp#27;[36mc.p.b.s.ConcurrencyIntegrationTest      &amp#27;[0;39m &amp#27;[2m:&amp#27;[0;39m Starting ConcurrencyIntegrationTest using Java 23.0.2 with PID 8225 (started by enkhtaivanbyambajav in /Users/enkhtaivanbyambajav/Downloads/clean-code/pos-branch-server)
&amp#27;[2m2026-04-14T21:19:15.860+08:00&amp#27;[0;39m &amp#27;[32m INFO&amp#27;[0;39m &amp#27;[35m8225&amp#27;[0;39m &amp#27;[2m---&amp#27;[0;39m &amp#27;[2m[branch-server] [           main]&amp#27;[0;39m &amp#27;[2m&amp#27;[0;39m&amp#27;[36mc.p.b.s.ConcurrencyIntegrationTest      &amp#27;[0;39m &amp#27;[2m:&amp#27;[0;39m The following 1 profile is active: "h2"
&amp#27;[2m2026-04-14T21:19:16.583+08:00&amp#27;[0;39m &amp#27;[32m INFO&amp#27;[0;39m &amp#27;[35m8225&amp#27;[0;39m &amp#27;[2m---&amp#27;[0;39m &amp#27;[2m[branch-server] [           main]&amp#27;[0;39m &amp#27;[2m&amp#27;[0;39m&amp#27;[36m.s.d.r.c.RepositoryConfigurationDelegate&amp#27;[0;39m &amp#27;[2m:&amp#27;[0;39m Bootstrapping Spring Data JPA repositories in DEFAULT mode.
&amp#27;[2m2026-04-14T21:19:16.675+08:00&amp#27;[0;39m &amp#27;[32m INFO&amp#27;[0;39m &amp#27;[35m8225&amp#27;[0;39m &amp#27;[2m---&amp#27;[0;39m &amp#27;[2m[branch-server] [           main]&amp#27;[0;39m &amp#27;[2m&amp#27;[0;39m&amp#27;[36m.s.d.r.c.RepositoryConfigurationDelegate&amp#27;[0;39m &amp#27;[2m:&amp#27;[0;39m Finished Spring Data repository scanning in 61 ms. Found 11 JPA repository interfaces.
&amp#27;[2m2026-04-14T21:19:17.111+08:00&amp#27;[0;39m &amp#27;[32m INFO&amp#27;[0;39m &amp#27;[35m8225&amp#27;[0;39m &amp#27;[2m---&amp#27;[0;39m &amp#27;[2m[branch-server] [           main]&amp#27;[0;39m &amp#27;[2m&amp#27;[0;39m&amp#27;[36mcom.zaxxer.hikari.HikariDataSource      &amp#27;[0;39m &amp#27;[2m:&amp#27;[0;39m HikariPool-1 - Starting...
&amp#27;[2m2026-04-14T21:19:17.613+08:00&amp#27;[0;39m &amp#27;[32m INFO&amp#27;[0;39m &amp#27;[35m8225&amp#27;[0;39m &amp#27;[2m---&amp#27;[0;39m &amp#27;[2m[branch-server] [           main]&amp#27;[0;39m &amp#27;[2m&amp#27;[0;39m&amp#27;[36mcom.zaxxer.hikari.pool.HikariPool       &amp#27;[0;39m &amp#27;[2m:&amp#27;[0;39m HikariPool-1 - Added connection conn0: url=jdbc:h2:mem:testdb user=SA
&amp#27;[2m2026-04-14T21:19:17.729+08:00&amp#27;[0;39m &amp#27;[32m INFO&amp#27;[0;39m &amp#27;[35m8225&amp#27;[0;39m &amp#27;[2m---&amp#27;[0;39m &amp#27;[2m[branch-server] [           main]&amp#27;[0;39m &amp#27;[2m&amp#27;[0;39m&amp#27;[36mcom.zaxxer.hikari.HikariDataSource      &amp#27;[0;39m &amp#27;[2m:&amp#27;[0;39m HikariPool-1 - Start completed.
&amp#27;[2m2026-04-14T21:19:18.186+08:00&amp#27;[0;39m &amp#27;[32m INFO&amp#27;[0;39m &amp#27;[35m8225&amp#27;[0;39m &amp#27;[2m---&amp#27;[0;39m &amp#27;[2m[branch-server] [           main]&amp#27;[0;39m &amp#27;[2m&amp#27;[0;39m&amp#27;[36mo.hibernate.jpa.internal.util.LogHelper &amp#27;[0;39m &amp#27;[2m:&amp#27;[0;39m HHH000204: Processing PersistenceUnitInfo [name: default]
&amp#27;[2m2026-04-14T21:19:18.450+08:00&amp#27;[0;39m &amp#27;[32m INFO&amp#27;[0;39m &amp#27;[35m8225&amp#27;[0;39m &amp#27;[2m---&amp#27;[0;39m &amp#27;[2m[branch-server] [           main]&amp#27;[0;39m &amp#27;[2m&amp#27;[0;39m&amp#27;[36morg.hibernate.Version                   &amp#27;[0;39m &amp#27;[2m:&amp#27;[0;39m HHH000412: Hibernate ORM core version 6.4.4.Final
&amp#27;[2m2026-04-14T21:19:18.597+08:00&amp#27;[0;39m &amp#27;[32m INFO&amp#27;[0;39m &amp#27;[35m8225&amp#27;[0;39m &amp#27;[2m---&amp#27;[0;39m &amp#27;[2m[branch-server] [           main]&amp#27;[0;39m &amp#27;[2m&amp#27;[0;39m&amp#27;[36mo.h.c.internal.RegionFactoryInitiator   &amp#27;[0;39m &amp#27;[2m:&amp#27;[0;39m HHH000026: Second-level cache disabled
&amp#27;[2m2026-04-14T21:19:18.845+08:00&amp#27;[0;39m &amp#27;[32m INFO&amp#27;[0;39m &amp#27;[35m8225&amp#27;[0;39m &amp#27;[2m---&amp#27;[0;39m &amp#27;[2m[branch-server] [           main]&amp#27;[0;39m &amp#27;[2m&amp#27;[0;39m&amp#27;[36mo.s.o.j.p.SpringPersistenceUnitInfo     &amp#27;[0;39m &amp#27;[2m:&amp#27;[0;39m No LoadTimeWeaver setup: ignoring JPA class transformer
&amp#27;[2m2026-04-14T21:19:18.979+08:00&amp#27;[0;39m &amp#27;[33m WARN&amp#27;[0;39m &amp#27;[35m8225&amp#27;[0;39m &amp#27;[2m---&amp#27;[0;39m &amp#27;[2m[branch-server] [           main]&amp#27;[0;39m &amp#27;[2m&amp#27;[0;39m&amp#27;[36morg.hibernate.orm.deprecation           &amp#27;[0;39m &amp#27;[2m:&amp#27;[0;39m HHH90000025: H2Dialect does not need to be specified explicitly using 'hibernate.dialect' (remove the property setting and it will be selected by default)
&amp#27;[2m2026-04-14T21:19:20.777+08:00&amp#27;[0;39m &amp#27;[32m INFO&amp#27;[0;39m &amp#27;[35m8225&amp#27;[0;39m &amp#27;[2m---&amp#27;[0;39m &amp#27;[2m[branch-server] [           main]&amp#27;[0;39m &amp#27;[2m&amp#27;[0;39m&amp#27;[36mo.h.e.t.j.p.i.JtaPlatformInitiator      &amp#27;[0;39m &amp#27;[2m:&amp#27;[0;39m HHH000489: No JTA platform available (set 'hibernate.transaction.jta.platform' to enable JTA platform integration)
Hibernate: 
    drop table if exists barcode cascade 
Hibernate: 
    drop table if exists branch cascade 
Hibernate: 
    drop table if exists category cascade 
Hibernate: 
    drop table if exists discount_rule cascade 
Hibernate: 
    drop table if exists inventory cascade 
Hibernate: 
    drop table if exists payment_type cascade 
Hibernate: 
    drop table if exists pos_terminal cascade 
Hibernate: 
    drop table if exists product cascade 
Hibernate: 
    drop table if exists product_price cascade 
Hibernate: 
    drop table if exists sale_item cascade 
Hibernate: 
    drop table if exists sales cascade 
Hibernate: 
    create table barcode (
        id integer generated by default as identity,
        product_id integer not null,
        code varchar(50) not null unique,
        primary key (id)
    )
Hibernate: 
    create table branch (
        id integer generated by default as identity,
        name varchar(150) not null unique,
        address varchar(300) not null,
        primary key (id)
    )
Hibernate: 
    create table category (
        id integer generated by default as identity,
        name varchar(100) not null unique,
        primary key (id)
    )
Hibernate: 
    create table discount_rule (
        active boolean not null,
        discount_value numeric(12,2) not null,
        id integer generated by default as identity,
        type varchar(20) not null,
        name varchar(100) not null,
        primary key (id)
    )
Hibernate: 
    create table inventory (
        branch_id integer,
        id integer generated by default as identity,
        product_id integer,
        quantity integer not null,
        primary key (id)
    )
Hibernate: 
    create table payment_type (
        id integer generated by default as identity,
        name varchar(50) not null unique,
        primary key (id)
    )
Hibernate: 
    create table pos_terminal (
        branch_id integer not null,
        id integer generated by default as identity,
        name varchar(50) not null,
        primary key (id)
    )
Hibernate: 
    create table product (
        active boolean not null,
        category_id integer not null,
        id integer generated by default as identity,
        created_at timestamp(6) not null,
        updated_at timestamp(6) not null,
        name varchar(255) not null,
        primary key (id)
    )
Hibernate: 
    create table product_price (
        id integer generated by default as identity,
        price numeric(12,2) not null,
        product_id integer not null,
        updated_at timestamp(6) not null,
        primary key (id),
        unique (product_id, updated_at)
    )
Hibernate: 
    create table sale_item (
        discount_amount numeric(12,2),
        discount_rule_id integer,
        id integer generated by default as identity,
        price numeric(12,2) not null,
        product_id integer not null,
        quantity integer not null,
        sale_id uuid not null,
        primary key (id)
    )
Hibernate: 
    create table sales (
        branch_id integer not null,
        payment_type_id integer not null,
        pos_id integer not null,
        synced boolean not null,
        total_amount numeric(14,2) not null,
        created_at timestamp(6) not null,
        id uuid not null,
        primary key (id)
    )
Hibernate: 
    alter table if exists barcode 
       add constraint FK504tslhamimvlwyaqnxpsh0cr 
       foreign key (product_id) 
       references product
Hibernate: 
    alter table if exists inventory 
       add constraint FKk2cskrccyjpsc9m1dhtsg20om 
       foreign key (branch_id) 
       references branch
Hibernate: 
    alter table if exists inventory 
       add constraint FKp7gj4l80fx8v0uap3b2crjwp5 
       foreign key (product_id) 
       references product
Hibernate: 
    alter table if exists pos_terminal 
       add constraint FK5gngt443kbovsvw2wuy52rmy8 
       foreign key (branch_id) 
       references branch
Hibernate: 
    alter table if exists product 
       add constraint FK1mtsbur82frn64de7balymq9s 
       foreign key (category_id) 
       references category
Hibernate: 
    alter table if exists product_price 
       add constraint FKeupemu63ifqfc4txkskyy1hyi 
       foreign key (product_id) 
       references product
Hibernate: 
    alter table if exists sale_item 
       add constraint FKhionvvqgoml88ds9wnekf7fdo 
       foreign key (discount_rule_id) 
       references discount_rule
Hibernate: 
    alter table if exists sale_item 
       add constraint FKih76x9f1o1asbp51c70hin53n 
       foreign key (product_id) 
       references product
Hibernate: 
    alter table if exists sale_item 
       add constraint FKdjr346l9a8kku0uao1jorl1nj 
       foreign key (sale_id) 
       references sales
Hibernate: 
    alter table if exists sales 
       add constraint FKibkujij7bt0a6w0qwf971jhsc 
       foreign key (branch_id) 
       references branch
Hibernate: 
    alter table if exists sales 
       add constraint FK57uxp7s53rbsfyrditi1g4ur4 
       foreign key (payment_type_id) 
       references payment_type
Hibernate: 
    alter table if exists sales 
       add constraint FKkaqdjk81h3svt03r448kmr7ub 
       foreign key (pos_id) 
       references pos_terminal
&amp#27;[2m2026-04-14T21:19:20.859+08:00&amp#27;[0;39m &amp#27;[32m INFO&amp#27;[0;39m &amp#27;[35m8225&amp#27;[0;39m &amp#27;[2m---&amp#27;[0;39m &amp#27;[2m[branch-server] [           main]&amp#27;[0;39m &amp#27;[2m&amp#27;[0;39m&amp#27;[36mj.LocalContainerEntityManagerFactoryBean&amp#27;[0;39m &amp#27;[2m:&amp#27;[0;39m Initialized JPA EntityManagerFactory for persistence unit 'default'
&amp#27;[2m2026-04-14T21:19:21.236+08:00&amp#27;[0;39m &amp#27;[32m INFO&amp#27;[0;39m &amp#27;[35m8225&amp#27;[0;39m &amp#27;[2m---&amp#27;[0;39m &amp#27;[2m[branch-server] [           main]&amp#27;[0;39m &amp#27;[2m&amp#27;[0;39m&amp#27;[36mo.s.d.j.r.query.QueryEnhancerFactory    &amp#27;[0;39m &amp#27;[2m:&amp#27;[0;39m Hibernate is in classpath; If applicable, HQL parser will be used.
&amp#27;[2m2026-04-14T21:19:23.510+08:00&amp#27;[0;39m &amp#27;[33m WARN&amp#27;[0;39m &amp#27;[35m8225&amp#27;[0;39m &amp#27;[2m---&amp#27;[0;39m &amp#27;[2m[branch-server] [           main]&amp#27;[0;39m &amp#27;[2m&amp#27;[0;39m&amp#27;[36mJpaBaseConfiguration$JpaWebConfiguration&amp#27;[0;39m &amp#27;[2m:&amp#27;[0;39m spring.jpa.open-in-view is enabled by default. Therefore, database queries may be performed during view rendering. Explicitly configure spring.jpa.open-in-view to disable this warning
&amp#27;[2m2026-04-14T21:19:23.722+08:00&amp#27;[0;39m &amp#27;[32m INFO&amp#27;[0;39m &amp#27;[35m8225&amp#27;[0;39m &amp#27;[2m---&amp#27;[0;39m &amp#27;[2m[branch-server] [           main]&amp#27;[0;39m &amp#27;[2m&amp#27;[0;39m&amp#27;[36mo.s.b.a.h2.H2ConsoleAutoConfiguration   &amp#27;[0;39m &amp#27;[2m:&amp#27;[0;39m H2 console available at '/h2-console'. Database available at 'jdbc:h2:mem:testdb'
&amp#27;[2m2026-04-14T21:19:23.779+08:00&amp#27;[0;39m &amp#27;[32m INFO&amp#27;[0;39m &amp#27;[35m8225&amp#27;[0;39m &amp#27;[2m---&amp#27;[0;39m &amp#27;[2m[branch-server] [           main]&amp#27;[0;39m &amp#27;[2m&amp#27;[0;39m&amp#27;[36mc.p.b.s.ConcurrencyIntegrationTest      &amp#27;[0;39m &amp#27;[2m:&amp#27;[0;39m Started ConcurrencyIntegrationTest in 7.958 seconds (process running for 15.044)
Hibernate: 
    insert 
    into
        category
        (name, id) 
    values
        (?, default)
Hibernate: 
    insert 
    into
        product
        (active, category_id, created_at, name, updated_at, id) 
    values
        (?, ?, ?, ?, ?, default)
Hibernate: 
    insert 
    into
        branch
        (address, name, id) 
    values
        (?, ?, default)
Hibernate: 
    insert 
    into
        pos_terminal
        (branch_id, name, id) 
    values
        (?, ?, default)
Hibernate: 
    insert 
    into
        payment_type
        (name, id) 
    values
        (?, default)
Hibernate: 
    insert 
    into
        inventory
        (branch_id, product_id, quantity, id) 
    values
        (?, ?, ?, default)
Hibernate: 
    select
        s1_0.id,
        s1_0.branch_id,
        b1_0.id,
        b1_0.address,
        b1_0.name,
        s1_0.created_at,
        s1_0.payment_type_id,
        pt1_0.id,
        pt1_0.name,
        s1_0.pos_id,
        pt2_0.id,
        pt2_0.branch_id,
        b2_0.id,
        b2_0.address,
        b2_0.name,
        pt2_0.name,
        s1_0.synced,
        s1_0.total_amount 
    from
        sales s1_0 
    join
        branch b1_0 
            on b1_0.id=s1_0.branch_id 
    join
        payment_type pt1_0 
            on pt1_0.id=s1_0.payment_type_id 
    join
        pos_terminal pt2_0 
            on pt2_0.id=s1_0.pos_id 
    left join
        branch b2_0 
            on b2_0.id=pt2_0.branch_id 
    where
        s1_0.id=?
Hibernate: 
    select
        s1_0.id,
        s1_0.branch_id,
        b1_0.id,
        b1_0.address,
        b1_0.name,
        s1_0.created_at,
        s1_0.payment_type_id,
        pt1_0.id,
        pt1_0.name,
        s1_0.pos_id,
        pt2_0.id,
        pt2_0.branch_id,
        b2_0.id,
        b2_0.address,
        b2_0.name,
        pt2_0.name,
        s1_0.synced,
        s1_0.total_amount 
    from
        sales s1_0 
    join
        branch b1_0 
            on b1_0.id=s1_0.branch_id 
    join
        payment_type pt1_0 
            on pt1_0.id=s1_0.payment_type_id 
    join
        pos_terminal pt2_0 
            on pt2_0.id=s1_0.pos_id 
    left join
        branch b2_0 
            on b2_0.id=pt2_0.branch_id 
    where
        s1_0.id=?
Hibernate: 
    select
        s1_0.id,
        s1_0.branch_id,
        b1_0.id,
        b1_0.address,
        b1_0.name,
        s1_0.created_at,
        s1_0.payment_type_id,
        pt1_0.id,
        pt1_0.name,
        s1_0.pos_id,
        pt2_0.id,
        pt2_0.branch_id,
        b2_0.id,
        b2_0.address,
        b2_0.name,
        pt2_0.name,
        s1_0.synced,
        s1_0.total_amount 
    from
        sales s1_0 
    join
        branch b1_0 
            on b1_0.id=s1_0.branch_id 
    join
        payment_type pt1_0 
            on pt1_0.id=s1_0.payment_type_id 
    join
        pos_terminal pt2_0 
            on pt2_0.id=s1_0.pos_id 
    left join
        branch b2_0 
            on b2_0.id=pt2_0.branch_id 
    where
        s1_0.id=?
Hibernate: 
    select
        s1_0.id,
        s1_0.branch_id,
        b1_0.id,
        b1_0.address,
        b1_0.name,
        s1_0.created_at,
        s1_0.payment_type_id,
        pt1_0.id,
        pt1_0.name,
        s1_0.pos_id,
        pt2_0.id,
        pt2_0.branch_id,
        b2_0.id,
        b2_0.address,
        b2_0.name,
        pt2_0.name,
        s1_0.synced,
        s1_0.total_amount 
    from
        sales s1_0 
    join
        branch b1_0 
            on b1_0.id=s1_0.branch_id 
    join
        payment_type pt1_0 
            on pt1_0.id=s1_0.payment_type_id 
    join
        pos_terminal pt2_0 
            on pt2_0.id=s1_0.pos_id 
    left join
        branch b2_0 
            on b2_0.id=pt2_0.branch_id 
    where
        s1_0.id=?
Hibernate: 
    select
        s1_0.id,
        s1_0.branch_id,
        b1_0.id,
        b1_0.address,
        b1_0.name,
        s1_0.created_at,
        s1_0.payment_type_id,
        pt1_0.id,
        pt1_0.name,
        s1_0.pos_id,
        pt2_0.id,
        pt2_0.branch_id,
        b2_0.id,
        b2_0.address,
        b2_0.name,
        pt2_0.name,
        s1_0.synced,
        s1_0.total_amount 
    from
        sales s1_0 
    join
        branch b1_0 
            on b1_0.id=s1_0.branch_id 
    join
        payment_type pt1_0 
            on pt1_0.id=s1_0.payment_type_id 
    join
        pos_terminal pt2_0 
            on pt2_0.id=s1_0.pos_id 
    left join
        branch b2_0 
            on b2_0.id=pt2_0.branch_id 
    where
        s1_0.id=?
Hibernate: 
    select
        s1_0.id,
        s1_0.branch_id,
        b1_0.id,
        b1_0.address,
        b1_0.name,
        s1_0.created_at,
        s1_0.payment_type_id,
        pt1_0.id,
        pt1_0.name,
        s1_0.pos_id,
        pt2_0.id,
        pt2_0.branch_id,
        b2_0.id,
        b2_0.address,
        b2_0.name,
        pt2_0.name,
        s1_0.synced,
        s1_0.total_amount 
    from
        sales s1_0 
    join
        branch b1_0 
            on b1_0.id=s1_0.branch_id 
    join
        payment_type pt1_0 
            on pt1_0.id=s1_0.payment_type_id 
    join
        pos_terminal pt2_0 
            on pt2_0.id=s1_0.pos_id 
    left join
        branch b2_0 
            on b2_0.id=pt2_0.branch_id 
    where
        s1_0.id=?
Hibernate: 
    select
        s1_0.id,
        s1_0.branch_id,
        b1_0.id,
        b1_0.address,
        b1_0.name,
        s1_0.created_at,
        s1_0.payment_type_id,
        pt1_0.id,
        pt1_0.name,
        s1_0.pos_id,
        pt2_0.id,
        pt2_0.branch_id,
        b2_0.id,
        b2_0.address,
        b2_0.name,
        pt2_0.name,
        s1_0.synced,
        s1_0.total_amount 
    from
        sales s1_0 
    join
        branch b1_0 
            on b1_0.id=s1_0.branch_id 
    join
        payment_type pt1_0 
            on pt1_0.id=s1_0.payment_type_id 
    join
        pos_terminal pt2_0 
            on pt2_0.id=s1_0.pos_id 
    left join
        branch b2_0 
            on b2_0.id=pt2_0.branch_id 
    where
        s1_0.id=?
Hibernate: 
    select
        s1_0.id,
        s1_0.branch_id,
        b1_0.id,
        b1_0.address,
        b1_0.name,
        s1_0.created_at,
        s1_0.payment_type_id,
        pt1_0.id,
        pt1_0.name,
        s1_0.pos_id,
        pt2_0.id,
        pt2_0.branch_id,
        b2_0.id,
        b2_0.address,
        b2_0.name,
        pt2_0.name,
        s1_0.synced,
        s1_0.total_amount 
    from
        sales s1_0 
    join
        branch b1_0 
            on b1_0.id=s1_0.branch_id 
    join
        payment_type pt1_0 
            on pt1_0.id=s1_0.payment_type_id 
    join
        pos_terminal pt2_0 
            on pt2_0.id=s1_0.pos_id 
    left join
        branch b2_0 
            on b2_0.id=pt2_0.branch_id 
    where
        s1_0.id=?
Hibernate: 
    select
        s1_0.id,
        s1_0.branch_id,
        b1_0.id,
        b1_0.address,
        b1_0.name,
        s1_0.created_at,
        s1_0.payment_type_id,
        pt1_0.id,
        pt1_0.name,
        s1_0.pos_id,
        pt2_0.id,
        pt2_0.branch_id,
        b2_0.id,
        b2_0.address,
        b2_0.name,
        pt2_0.name,
        s1_0.synced,
        s1_0.total_amount 
    from
        sales s1_0 
    join
        branch b1_0 
            on b1_0.id=s1_0.branch_id 
    join
        payment_type pt1_0 
            on pt1_0.id=s1_0.payment_type_id 
    join
        pos_terminal pt2_0 
            on pt2_0.id=s1_0.pos_id 
    left join
        branch b2_0 
            on b2_0.id=pt2_0.branch_id 
    where
        s1_0.id=?
Hibernate: 
    select
        s1_0.id,
        s1_0.branch_id,
        b1_0.id,
        b1_0.address,
        b1_0.name,
        s1_0.created_at,
        s1_0.payment_type_id,
        pt1_0.id,
        pt1_0.name,
        s1_0.pos_id,
        pt2_0.id,
        pt2_0.branch_id,
        b2_0.id,
        b2_0.address,
        b2_0.name,
        pt2_0.name,
        s1_0.synced,
        s1_0.total_amount 
    from
        sales s1_0 
    join
        branch b1_0 
            on b1_0.id=s1_0.branch_id 
    join
        payment_type pt1_0 
            on pt1_0.id=s1_0.payment_type_id 
    join
        pos_terminal pt2_0 
            on pt2_0.id=s1_0.pos_id 
    left join
        branch b2_0 
            on b2_0.id=pt2_0.branch_id 
    where
        s1_0.id=?
Hibernate: 
    select
        b1_0.id,
        b1_0.address,
        b1_0.name 
    from
        branch b1_0 
    where
        b1_0.id=?
Hibernate: 
    select
        b1_0.id,
        b1_0.address,
        b1_0.name 
    from
        branch b1_0 
    where
        b1_0.id=?
Hibernate: 
    select
        b1_0.id,
        b1_0.address,
        b1_0.name 
    from
        branch b1_0 
    where
        b1_0.id=?
Hibernate: 
    select
        b1_0.id,
        b1_0.address,
        b1_0.name 
    from
        branch b1_0 
    where
        b1_0.id=?
Hibernate: 
    select
        b1_0.id,
        b1_0.address,
        b1_0.name 
    from
        branch b1_0 
    where
        b1_0.id=?
Hibernate: 
    select
        b1_0.id,
        b1_0.address,
        b1_0.name 
    from
        branch b1_0 
    where
        b1_0.id=?
Hibernate: 
    select
        b1_0.id,
        b1_0.address,
        b1_0.name 
    from
        branch b1_0 
    where
        b1_0.id=?
Hibernate: 
    select
        b1_0.id,
        b1_0.address,
        b1_0.name 
    from
        branch b1_0 
    where
        b1_0.id=?
Hibernate: 
    select
        b1_0.id,
        b1_0.address,
        b1_0.name 
    from
        branch b1_0 
    where
        b1_0.id=?
Hibernate: 
    select
        b1_0.id,
        b1_0.address,
        b1_0.name 
    from
        branch b1_0 
    where
        b1_0.id=?
Hibernate: 
    select
        p1_0.id,
        p1_0.branch_id,
        b1_0.id,
        b1_0.address,
        b1_0.name,
        p1_0.name 
    from
        pos_terminal p1_0 
    join
        branch b1_0 
            on b1_0.id=p1_0.branch_id 
    where
        p1_0.id=?
Hibernate: 
    select
        p1_0.id,
        p1_0.branch_id,
        b1_0.id,
        b1_0.address,
        b1_0.name,
        p1_0.name 
    from
        pos_terminal p1_0 
    join
        branch b1_0 
            on b1_0.id=p1_0.branch_id 
    where
        p1_0.id=?
Hibernate: 
    select
        p1_0.id,
        p1_0.branch_id,
        b1_0.id,
        b1_0.address,
        b1_0.name,
        p1_0.name 
    from
        pos_terminal p1_0 
    join
        branch b1_0 
            on b1_0.id=p1_0.branch_id 
    where
        p1_0.id=?
Hibernate: 
    select
        p1_0.id,
        p1_0.branch_id,
        b1_0.id,
        b1_0.address,
        b1_0.name,
        p1_0.name 
    from
        pos_terminal p1_0 
    join
        branch b1_0 
            on b1_0.id=p1_0.branch_id 
    where
        p1_0.id=?
Hibernate: 
    select
        p1_0.id,
        p1_0.branch_id,
        b1_0.id,
        b1_0.address,
        b1_0.name,
        p1_0.name 
    from
        pos_terminal p1_0 
    join
        branch b1_0 
            on b1_0.id=p1_0.branch_id 
    where
        p1_0.id=?
Hibernate: 
    select
        p1_0.id,
        p1_0.branch_id,
        b1_0.id,
        b1_0.address,
        b1_0.name,
        p1_0.name 
    from
        pos_terminal p1_0 
    join
        branch b1_0 
            on b1_0.id=p1_0.branch_id 
    where
        p1_0.id=?
Hibernate: 
    select
        p1_0.id,
        p1_0.branch_id,
        b1_0.id,
        b1_0.address,
        b1_0.name,
        p1_0.name 
    from
        pos_terminal p1_0 
    join
        branch b1_0 
            on b1_0.id=p1_0.branch_id 
    where
        p1_0.id=?
Hibernate: 
    select
        p1_0.id,
        p1_0.branch_id,
        b1_0.id,
        b1_0.address,
        b1_0.name,
        p1_0.name 
    from
        pos_terminal p1_0 
    join
        branch b1_0 
            on b1_0.id=p1_0.branch_id 
    where
        p1_0.id=?
Hibernate: 
    select
        p1_0.id,
        p1_0.branch_id,
        b1_0.id,
        b1_0.address,
        b1_0.name,
        p1_0.name 
    from
        pos_terminal p1_0 
    join
        branch b1_0 
            on b1_0.id=p1_0.branch_id 
    where
        p1_0.id=?
Hibernate: 
    select
        p1_0.id,
        p1_0.branch_id,
        b1_0.id,
        b1_0.address,
        b1_0.name,
        p1_0.name 
    from
        pos_terminal p1_0 
    join
        branch b1_0 
            on b1_0.id=p1_0.branch_id 
    where
        p1_0.id=?
Hibernate: 
    select
        pt1_0.id,
        pt1_0.name 
    from
        payment_type pt1_0 
    where
        pt1_0.id=?
Hibernate: 
    select
        pt1_0.id,
        pt1_0.name 
    from
        payment_type pt1_0 
    where
        pt1_0.id=?
Hibernate: 
    select
        pt1_0.id,
        pt1_0.name 
    from
        payment_type pt1_0 
    where
        pt1_0.id=?
Hibernate: 
    select
        pt1_0.id,
        pt1_0.name 
    from
        payment_type pt1_0 
    where
        pt1_0.id=?
Hibernate: 
    select
        pt1_0.id,
        pt1_0.name 
    from
        payment_type pt1_0 
    where
        pt1_0.id=?
Hibernate: 
    select
        pt1_0.id,
        pt1_0.name 
    from
        payment_type pt1_0 
    where
        pt1_0.id=?
Hibernate: 
    select
        pt1_0.id,
        pt1_0.name 
    from
        payment_type pt1_0 
    where
        pt1_0.id=?
Hibernate: 
    select
        pt1_0.id,
        pt1_0.name 
    from
        payment_type pt1_0 
    where
        pt1_0.id=?
Hibernate: 
    select
        pt1_0.id,
        pt1_0.name 
    from
        payment_type pt1_0 
    where
        pt1_0.id=?
Hibernate: 
    select
        pt1_0.id,
        pt1_0.name 
    from
        payment_type pt1_0 
    where
        pt1_0.id=?
Hibernate: 
    select
        i1_0.id,
        i1_0.branch_id,
        i1_0.product_id,
        i1_0.quantity 
    from
        inventory i1_0 
    where
        i1_0.branch_id=? 
        and i1_0.product_id=? for update
Hibernate: 
    select
        i1_0.id,
        i1_0.branch_id,
        i1_0.product_id,
        i1_0.quantity 
    from
        inventory i1_0 
    where
        i1_0.branch_id=? 
        and i1_0.product_id=? for update
Hibernate: 
    select
        i1_0.id,
        i1_0.branch_id,
        i1_0.product_id,
        i1_0.quantity 
    from
        inventory i1_0 
    where
        i1_0.branch_id=? 
        and i1_0.product_id=? for update
Hibernate: 
    select
        i1_0.id,
        i1_0.branch_id,
        i1_0.product_id,
        i1_0.quantity 
    from
        inventory i1_0 
    where
        i1_0.branch_id=? 
        and i1_0.product_id=? for update
Hibernate: 
    select
        i1_0.id,
        i1_0.branch_id,
        i1_0.product_id,
        i1_0.quantity 
    from
        inventory i1_0 
    where
        i1_0.branch_id=? 
        and i1_0.product_id=? for update
Hibernate: 
    select
        i1_0.id,
        i1_0.branch_id,
        i1_0.product_id,
        i1_0.quantity 
    from
        inventory i1_0 
    where
        i1_0.branch_id=? 
        and i1_0.product_id=? for update
Hibernate: 
    select
        i1_0.id,
        i1_0.branch_id,
        i1_0.product_id,
        i1_0.quantity 
    from
        inventory i1_0 
    where
        i1_0.branch_id=? 
        and i1_0.product_id=? for update
Hibernate: 
    select
        i1_0.id,
        i1_0.branch_id,
        i1_0.product_id,
        i1_0.quantity 
    from
        inventory i1_0 
    where
        i1_0.branch_id=? 
        and i1_0.product_id=? for update
Hibernate: 
    select
        i1_0.id,
        i1_0.branch_id,
        i1_0.product_id,
        i1_0.quantity 
    from
        inventory i1_0 
    where
        i1_0.branch_id=? 
        and i1_0.product_id=? for update
Hibernate: 
    select
        i1_0.id,
        i1_0.branch_id,
        i1_0.product_id,
        i1_0.quantity 
    from
        inventory i1_0 
    where
        i1_0.branch_id=? 
        and i1_0.product_id=? for update
Hibernate: 
    select
        p1_0.id,
        p1_0.active,
        p1_0.category_id,
        c1_0.id,
        c1_0.name,
        p1_0.created_at,
        p1_0.name,
        p1_0.updated_at 
    from
        product p1_0 
    join
        category c1_0 
            on c1_0.id=p1_0.category_id 
    where
        p1_0.id=?
Hibernate: 
    select
        s1_0.id,
        s1_0.branch_id,
        b1_0.id,
        b1_0.address,
        b1_0.name,
        s1_0.created_at,
        s1_0.payment_type_id,
        pt1_0.id,
        pt1_0.name,
        s1_0.pos_id,
        pt2_0.id,
        pt2_0.branch_id,
        b2_0.id,
        b2_0.address,
        b2_0.name,
        pt2_0.name,
        s1_0.synced,
        s1_0.total_amount,
        i1_0.sale_id,
        i1_0.id,
        i1_0.discount_amount,
        dr1_0.id,
        dr1_0.active,
        dr1_0.discount_value,
        dr1_0.name,
        dr1_0.type,
        i1_0.price,
        i1_0.product_id,
        p1_0.id,
        p1_0.active,
        p1_0.category_id,
        c1_0.id,
        c1_0.name,
        p1_0.created_at,
        p1_0.name,
        p1_0.updated_at,
        i1_0.quantity 
    from
        sales s1_0 
    join
        branch b1_0 
            on b1_0.id=s1_0.branch_id 
    join
        payment_type pt1_0 
            on pt1_0.id=s1_0.payment_type_id 
    join
        pos_terminal pt2_0 
            on pt2_0.id=s1_0.pos_id 
    left join
        branch b2_0 
            on b2_0.id=pt2_0.branch_id 
    left join
        sale_item i1_0 
            on s1_0.id=i1_0.sale_id 
    left join
        discount_rule dr1_0 
            on dr1_0.id=i1_0.discount_rule_id 
    left join
        product p1_0 
            on p1_0.id=i1_0.product_id 
    left join
        category c1_0 
            on c1_0.id=p1_0.category_id 
    where
        s1_0.id=?
Hibernate: 
    insert 
    into
        sales
        (branch_id, created_at, payment_type_id, pos_id, synced, total_amount, id) 
    values
        (?, ?, ?, ?, ?, ?, ?)
Hibernate: 
    insert 
    into
        sale_item
        (discount_amount, discount_rule_id, price, product_id, quantity, sale_id, id) 
    values
        (?, ?, ?, ?, ?, ?, default)
Hibernate: 
    update
        inventory 
    set
        branch_id=?,
        product_id=?,
        quantity=? 
    where
        id=?
Hibernate: 
    select
        p1_0.id,
        p1_0.active,
        p1_0.category_id,
        c1_0.id,
        c1_0.name,
        p1_0.created_at,
        p1_0.name,
        p1_0.updated_at 
    from
        product p1_0 
    join
        category c1_0 
            on c1_0.id=p1_0.category_id 
    where
        p1_0.id=?
Hibernate: 
    select
        s1_0.id,
        s1_0.branch_id,
        b1_0.id,
        b1_0.address,
        b1_0.name,
        s1_0.created_at,
        s1_0.payment_type_id,
        pt1_0.id,
        pt1_0.name,
        s1_0.pos_id,
        pt2_0.id,
        pt2_0.branch_id,
        b2_0.id,
        b2_0.address,
        b2_0.name,
        pt2_0.name,
        s1_0.synced,
        s1_0.total_amount 
    from
        sales s1_0 
    join
        branch b1_0 
            on b1_0.id=s1_0.branch_id 
    join
        payment_type pt1_0 
            on pt1_0.id=s1_0.payment_type_id 
    join
        pos_terminal pt2_0 
            on pt2_0.id=s1_0.pos_id 
    left join
        branch b2_0 
            on b2_0.id=pt2_0.branch_id 
    where
        s1_0.id=?
Hibernate: 
    select
        s1_0.id,
        s1_0.branch_id,
        b1_0.id,
        b1_0.address,
        b1_0.name,
        s1_0.created_at,
        s1_0.payment_type_id,
        pt1_0.id,
        pt1_0.name,
        s1_0.pos_id,
        pt2_0.id,
        pt2_0.branch_id,
        b2_0.id,
        b2_0.address,
        b2_0.name,
        pt2_0.name,
        s1_0.synced,
        s1_0.total_amount,
        i1_0.sale_id,
        i1_0.id,
        i1_0.discount_amount,
        dr1_0.id,
        dr1_0.active,
        dr1_0.discount_value,
        dr1_0.name,
        dr1_0.type,
        i1_0.price,
        i1_0.product_id,
        p1_0.id,
        p1_0.active,
        p1_0.category_id,
        c1_0.id,
        c1_0.name,
        p1_0.created_at,
        p1_0.name,
        p1_0.updated_at,
        i1_0.quantity 
    from
        sales s1_0 
    join
        branch b1_0 
            on b1_0.id=s1_0.branch_id 
    join
        payment_type pt1_0 
            on pt1_0.id=s1_0.payment_type_id 
    join
        pos_terminal pt2_0 
            on pt2_0.id=s1_0.pos_id 
    left join
        branch b2_0 
            on b2_0.id=pt2_0.branch_id 
    left join
        sale_item i1_0 
            on s1_0.id=i1_0.sale_id 
    left join
        discount_rule dr1_0 
            on dr1_0.id=i1_0.discount_rule_id 
    left join
        product p1_0 
            on p1_0.id=i1_0.product_id 
    left join
        category c1_0 
            on c1_0.id=p1_0.category_id 
    where
        s1_0.id=?
Hibernate: 
    select
        b1_0.id,
        b1_0.address,
        b1_0.name 
    from
        branch b1_0 
    where
        b1_0.id=?
Hibernate: 
    insert 
    into
        sales
        (branch_id, created_at, payment_type_id, pos_id, synced, total_amount, id) 
    values
        (?, ?, ?, ?, ?, ?, ?)
Hibernate: 
    insert 
    into
        sale_item
        (discount_amount, discount_rule_id, price, product_id, quantity, sale_id, id) 
    values
        (?, ?, ?, ?, ?, ?, default)
Hibernate: 
    select
        p1_0.id,
        p1_0.branch_id,
        b1_0.id,
        b1_0.address,
        b1_0.name,
        p1_0.name 
    from
        pos_terminal p1_0 
    join
        branch b1_0 
            on b1_0.id=p1_0.branch_id 
    where
        p1_0.id=?
Hibernate: 
    update
        inventory 
    set
        branch_id=?,
        product_id=?,
        quantity=? 
    where
        id=?
Hibernate: 
    select
        pt1_0.id,
        pt1_0.name 
    from
        payment_type pt1_0 
    where
        pt1_0.id=?
Hibernate: 
    select
        p1_0.id,
        p1_0.active,
        p1_0.category_id,
        c1_0.id,
        c1_0.name,
        p1_0.created_at,
        p1_0.name,
        p1_0.updated_at 
    from
        product p1_0 
    join
        category c1_0 
            on c1_0.id=p1_0.category_id 
    where
        p1_0.id=?
Hibernate: 
    select
        s1_0.id,
        s1_0.branch_id,
        b1_0.id,
        b1_0.address,
        b1_0.name,
        s1_0.created_at,
        s1_0.payment_type_id,
        pt1_0.id,
        pt1_0.name,
        s1_0.pos_id,
        pt2_0.id,
        pt2_0.branch_id,
        b2_0.id,
        b2_0.address,
        b2_0.name,
        pt2_0.name,
        s1_0.synced,
        s1_0.total_amount 
    from
        sales s1_0 
    join
        branch b1_0 
            on b1_0.id=s1_0.branch_id 
    join
        payment_type pt1_0 
            on pt1_0.id=s1_0.payment_type_id 
    join
        pos_terminal pt2_0 
            on pt2_0.id=s1_0.pos_id 
    left join
        branch b2_0 
            on b2_0.id=pt2_0.branch_id 
    where
        s1_0.id=?
Hibernate: 
    select
        b1_0.id,
        b1_0.address,
        b1_0.name 
    from
        branch b1_0 
    where
        b1_0.id=?
Hibernate: 
    select
        p1_0.id,
        p1_0.branch_id,
        b1_0.id,
        b1_0.address,
        b1_0.name,
        p1_0.name 
    from
        pos_terminal p1_0 
    join
        branch b1_0 
            on b1_0.id=p1_0.branch_id 
    where
        p1_0.id=?
Hibernate: 
    select
        s1_0.id,
        s1_0.branch_id,
        b1_0.id,
        b1_0.address,
        b1_0.name,
        s1_0.created_at,
        s1_0.payment_type_id,
        pt1_0.id,
        pt1_0.name,
        s1_0.pos_id,
        pt2_0.id,
        pt2_0.branch_id,
        b2_0.id,
        b2_0.address,
        b2_0.name,
        pt2_0.name,
        s1_0.synced,
        s1_0.total_amount,
        i1_0.sale_id,
        i1_0.id,
        i1_0.discount_amount,
        dr1_0.id,
        dr1_0.active,
        dr1_0.discount_value,
        dr1_0.name,
        dr1_0.type,
        i1_0.price,
        i1_0.product_id,
        p1_0.id,
        p1_0.active,
        p1_0.category_id,
        c1_0.id,
        c1_0.name,
        p1_0.created_at,
        p1_0.name,
        p1_0.updated_at,
        i1_0.quantity 
    from
        sales s1_0 
    join
        branch b1_0 
            on b1_0.id=s1_0.branch_id 
    join
        payment_type pt1_0 
            on pt1_0.id=s1_0.payment_type_id 
    join
        pos_terminal pt2_0 
            on pt2_0.id=s1_0.pos_id 
    left join
        branch b2_0 
            on b2_0.id=pt2_0.branch_id 
    left join
        sale_item i1_0 
            on s1_0.id=i1_0.sale_id 
    left join
        discount_rule dr1_0 
            on dr1_0.id=i1_0.discount_rule_id 
    left join
        product p1_0 
            on p1_0.id=i1_0.product_id 
    left join
        category c1_0 
            on c1_0.id=p1_0.category_id 
    where
        s1_0.id=?
Hibernate: 
    select
        pt1_0.id,
        pt1_0.name 
    from
        payment_type pt1_0 
    where
        pt1_0.id=?
Hibernate: 
    select
        i1_0.id,
        i1_0.branch_id,
        i1_0.product_id,
        i1_0.quantity 
    from
        inventory i1_0 
    where
        i1_0.branch_id=? 
        and i1_0.product_id=? for update
Hibernate: 
    select
        i1_0.id,
        i1_0.branch_id,
        i1_0.product_id,
        i1_0.quantity 
    from
        inventory i1_0 
    where
        i1_0.branch_id=? 
        and i1_0.product_id=? for update
Hibernate: 
    insert 
    into
        sales
        (branch_id, created_at, payment_type_id, pos_id, synced, total_amount, id) 
    values
        (?, ?, ?, ?, ?, ?, ?)
Hibernate: 
    insert 
    into
        sale_item
        (discount_amount, discount_rule_id, price, product_id, quantity, sale_id, id) 
    values
        (?, ?, ?, ?, ?, ?, default)
Hibernate: 
    update
        inventory 
    set
        branch_id=?,
        product_id=?,
        quantity=? 
    where
        id=?
Hibernate: 
    select
        p1_0.id,
        p1_0.active,
        p1_0.category_id,
        c1_0.id,
        c1_0.name,
        p1_0.created_at,
        p1_0.name,
        p1_0.updated_at 
    from
        product p1_0 
    join
        category c1_0 
            on c1_0.id=p1_0.category_id 
    where
        p1_0.id=?
Hibernate: 
    select
        s1_0.id,
        s1_0.branch_id,
        b1_0.id,
        b1_0.address,
        b1_0.name,
        s1_0.created_at,
        s1_0.payment_type_id,
        pt1_0.id,
        pt1_0.name,
        s1_0.pos_id,
        pt2_0.id,
        pt2_0.branch_id,
        b2_0.id,
        b2_0.address,
        b2_0.name,
        pt2_0.name,
        s1_0.synced,
        s1_0.total_amount 
    from
        sales s1_0 
    join
        branch b1_0 
            on b1_0.id=s1_0.branch_id 
    join
        payment_type pt1_0 
            on pt1_0.id=s1_0.payment_type_id 
    join
        pos_terminal pt2_0 
            on pt2_0.id=s1_0.pos_id 
    left join
        branch b2_0 
            on b2_0.id=pt2_0.branch_id 
    where
        s1_0.id=?
Hibernate: 
    select
        s1_0.id,
        s1_0.branch_id,
        b1_0.id,
        b1_0.address,
        b1_0.name,
        s1_0.created_at,
        s1_0.payment_type_id,
        pt1_0.id,
        pt1_0.name,
        s1_0.pos_id,
        pt2_0.id,
        pt2_0.branch_id,
        b2_0.id,
        b2_0.address,
        b2_0.name,
        pt2_0.name,
        s1_0.synced,
        s1_0.total_amount,
        i1_0.sale_id,
        i1_0.id,
        i1_0.discount_amount,
        dr1_0.id,
        dr1_0.active,
        dr1_0.discount_value,
        dr1_0.name,
        dr1_0.type,
        i1_0.price,
        i1_0.product_id,
        p1_0.id,
        p1_0.active,
        p1_0.category_id,
        c1_0.id,
        c1_0.name,
        p1_0.created_at,
        p1_0.name,
        p1_0.updated_at,
        i1_0.quantity 
    from
        sales s1_0 
    join
        branch b1_0 
            on b1_0.id=s1_0.branch_id 
    join
        payment_type pt1_0 
            on pt1_0.id=s1_0.payment_type_id 
    join
        pos_terminal pt2_0 
            on pt2_0.id=s1_0.pos_id 
    left join
        branch b2_0 
            on b2_0.id=pt2_0.branch_id 
    left join
        sale_item i1_0 
            on s1_0.id=i1_0.sale_id 
    left join
        discount_rule dr1_0 
            on dr1_0.id=i1_0.discount_rule_id 
    left join
        product p1_0 
            on p1_0.id=i1_0.product_id 
    left join
        category c1_0 
            on c1_0.id=p1_0.category_id 
    where
        s1_0.id=?
Hibernate: 
    select
        b1_0.id,
        b1_0.address,
        b1_0.name 
    from
        branch b1_0 
    where
        b1_0.id=?
Hibernate: 
    select
        p1_0.id,
        p1_0.branch_id,
        b1_0.id,
        b1_0.address,
        b1_0.name,
        p1_0.name 
    from
        pos_terminal p1_0 
    join
        branch b1_0 
            on b1_0.id=p1_0.branch_id 
    where
        p1_0.id=?
Hibernate: 
    select
        pt1_0.id,
        pt1_0.name 
    from
        payment_type pt1_0 
    where
        pt1_0.id=?
Hibernate: 
    insert 
    into
        sales
        (branch_id, created_at, payment_type_id, pos_id, synced, total_amount, id) 
    values
        (?, ?, ?, ?, ?, ?, ?)
Hibernate: 
    insert 
    into
        sale_item
        (discount_amount, discount_rule_id, price, product_id, quantity, sale_id, id) 
    values
        (?, ?, ?, ?, ?, ?, default)
Hibernate: 
    select
        i1_0.id,
        i1_0.branch_id,
        i1_0.product_id,
        i1_0.quantity 
    from
        inventory i1_0 
    where
        i1_0.branch_id=? 
        and i1_0.product_id=? for update
Hibernate: 
    update
        inventory 
    set
        branch_id=?,
        product_id=?,
        quantity=? 
    where
        id=?
Hibernate: 
    select
        p1_0.id,
        p1_0.active,
        p1_0.category_id,
        c1_0.id,
        c1_0.name,
        p1_0.created_at,
        p1_0.name,
        p1_0.updated_at 
    from
        product p1_0 
    join
        category c1_0 
            on c1_0.id=p1_0.category_id 
    where
        p1_0.id=?
Hibernate: 
    select
        s1_0.id,
        s1_0.branch_id,
        b1_0.id,
        b1_0.address,
        b1_0.name,
        s1_0.created_at,
        s1_0.payment_type_id,
        pt1_0.id,
        pt1_0.name,
        s1_0.pos_id,
        pt2_0.id,
        pt2_0.branch_id,
        b2_0.id,
        b2_0.address,
        b2_0.name,
        pt2_0.name,
        s1_0.synced,
        s1_0.total_amount 
    from
        sales s1_0 
    join
        branch b1_0 
            on b1_0.id=s1_0.branch_id 
    join
        payment_type pt1_0 
            on pt1_0.id=s1_0.payment_type_id 
    join
        pos_terminal pt2_0 
            on pt2_0.id=s1_0.pos_id 
    left join
        branch b2_0 
            on b2_0.id=pt2_0.branch_id 
    where
        s1_0.id=?
Hibernate: 
    select
        b1_0.id,
        b1_0.address,
        b1_0.name 
    from
        branch b1_0 
    where
        b1_0.id=?
Hibernate: 
    select
        s1_0.id,
        s1_0.branch_id,
        b1_0.id,
        b1_0.address,
        b1_0.name,
        s1_0.created_at,
        s1_0.payment_type_id,
        pt1_0.id,
        pt1_0.name,
        s1_0.pos_id,
        pt2_0.id,
        pt2_0.branch_id,
        b2_0.id,
        b2_0.address,
        b2_0.name,
        pt2_0.name,
        s1_0.synced,
        s1_0.total_amount,
        i1_0.sale_id,
        i1_0.id,
        i1_0.discount_amount,
        dr1_0.id,
        dr1_0.active,
        dr1_0.discount_value,
        dr1_0.name,
        dr1_0.type,
        i1_0.price,
        i1_0.product_id,
        p1_0.id,
        p1_0.active,
        p1_0.category_id,
        c1_0.id,
        c1_0.name,
        p1_0.created_at,
        p1_0.name,
        p1_0.updated_at,
        i1_0.quantity 
    from
        sales s1_0 
    join
        branch b1_0 
            on b1_0.id=s1_0.branch_id 
    join
        payment_type pt1_0 
            on pt1_0.id=s1_0.payment_type_id 
    join
        pos_terminal pt2_0 
            on pt2_0.id=s1_0.pos_id 
    left join
        branch b2_0 
            on b2_0.id=pt2_0.branch_id 
    left join
        sale_item i1_0 
            on s1_0.id=i1_0.sale_id 
    left join
        discount_rule dr1_0 
            on dr1_0.id=i1_0.discount_rule_id 
    left join
        product p1_0 
            on p1_0.id=i1_0.product_id 
    left join
        category c1_0 
            on c1_0.id=p1_0.category_id 
    where
        s1_0.id=?
Hibernate: 
    select
        p1_0.id,
        p1_0.branch_id,
        b1_0.id,
        b1_0.address,
        b1_0.name,
        p1_0.name 
    from
        pos_terminal p1_0 
    join
        branch b1_0 
            on b1_0.id=p1_0.branch_id 
    where
        p1_0.id=?
Hibernate: 
    select
        pt1_0.id,
        pt1_0.name 
    from
        payment_type pt1_0 
    where
        pt1_0.id=?
Hibernate: 
    select
        i1_0.id,
        i1_0.branch_id,
        i1_0.product_id,
        i1_0.quantity 
    from
        inventory i1_0 
    where
        i1_0.branch_id=? 
        and i1_0.product_id=? for update
Hibernate: 
    insert 
    into
        sales
        (branch_id, created_at, payment_type_id, pos_id, synced, total_amount, id) 
    values
        (?, ?, ?, ?, ?, ?, ?)
Hibernate: 
    insert 
    into
        sale_item
        (discount_amount, discount_rule_id, price, product_id, quantity, sale_id, id) 
    values
        (?, ?, ?, ?, ?, ?, default)
Hibernate: 
    update
        inventory 
    set
        branch_id=?,
        product_id=?,
        quantity=? 
    where
        id=?
Hibernate: 
    select
        p1_0.id,
        p1_0.active,
        p1_0.category_id,
        c1_0.id,
        c1_0.name,
        p1_0.created_at,
        p1_0.name,
        p1_0.updated_at 
    from
        product p1_0 
    join
        category c1_0 
            on c1_0.id=p1_0.category_id 
    where
        p1_0.id=?
Hibernate: 
    select
        s1_0.id,
        s1_0.branch_id,
        b1_0.id,
        b1_0.address,
        b1_0.name,
        s1_0.created_at,
        s1_0.payment_type_id,
        pt1_0.id,
        pt1_0.name,
        s1_0.pos_id,
        pt2_0.id,
        pt2_0.branch_id,
        b2_0.id,
        b2_0.address,
        b2_0.name,
        pt2_0.name,
        s1_0.synced,
        s1_0.total_amount 
    from
        sales s1_0 
    join
        branch b1_0 
            on b1_0.id=s1_0.branch_id 
    join
        payment_type pt1_0 
            on pt1_0.id=s1_0.payment_type_id 
    join
        pos_terminal pt2_0 
            on pt2_0.id=s1_0.pos_id 
    left join
        branch b2_0 
            on b2_0.id=pt2_0.branch_id 
    where
        s1_0.id=?
Hibernate: 
    select
        s1_0.id,
        s1_0.branch_id,
        b1_0.id,
        b1_0.address,
        b1_0.name,
        s1_0.created_at,
        s1_0.payment_type_id,
        pt1_0.id,
        pt1_0.name,
        s1_0.pos_id,
        pt2_0.id,
        pt2_0.branch_id,
        b2_0.id,
        b2_0.address,
        b2_0.name,
        pt2_0.name,
        s1_0.synced,
        s1_0.total_amount,
        i1_0.sale_id,
        i1_0.id,
        i1_0.discount_amount,
        dr1_0.id,
        dr1_0.active,
        dr1_0.discount_value,
        dr1_0.name,
        dr1_0.type,
        i1_0.price,
        i1_0.product_id,
        p1_0.id,
        p1_0.active,
        p1_0.category_id,
        c1_0.id,
        c1_0.name,
        p1_0.created_at,
        p1_0.name,
        p1_0.updated_at,
        i1_0.quantity 
    from
        sales s1_0 
    join
        branch b1_0 
            on b1_0.id=s1_0.branch_id 
    join
        payment_type pt1_0 
            on pt1_0.id=s1_0.payment_type_id 
    join
        pos_terminal pt2_0 
            on pt2_0.id=s1_0.pos_id 
    left join
        branch b2_0 
            on b2_0.id=pt2_0.branch_id 
    left join
        sale_item i1_0 
            on s1_0.id=i1_0.sale_id 
    left join
        discount_rule dr1_0 
            on dr1_0.id=i1_0.discount_rule_id 
    left join
        product p1_0 
            on p1_0.id=i1_0.product_id 
    left join
        category c1_0 
            on c1_0.id=p1_0.category_id 
    where
        s1_0.id=?
Hibernate: 
    select
        b1_0.id,
        b1_0.address,
        b1_0.name 
    from
        branch b1_0 
    where
        b1_0.id=?
Hibernate: 
    select
        p1_0.id,
        p1_0.branch_id,
        b1_0.id,
        b1_0.address,
        b1_0.name,
        p1_0.name 
    from
        pos_terminal p1_0 
    join
        branch b1_0 
            on b1_0.id=p1_0.branch_id 
    where
        p1_0.id=?
Hibernate: 
    insert 
    into
        sales
        (branch_id, created_at, payment_type_id, pos_id, synced, total_amount, id) 
    values
        (?, ?, ?, ?, ?, ?, ?)
Hibernate: 
    select
        pt1_0.id,
        pt1_0.name 
    from
        payment_type pt1_0 
    where
        pt1_0.id=?
Hibernate: 
    select
        i1_0.id,
        i1_0.branch_id,
        i1_0.product_id,
        i1_0.quantity 
    from
        inventory i1_0 
    where
        i1_0.branch_id=? 
        and i1_0.product_id=? for update
Hibernate: 
    insert 
    into
        sale_item
        (discount_amount, discount_rule_id, price, product_id, quantity, sale_id, id) 
    values
        (?, ?, ?, ?, ?, ?, default)
Hibernate: 
    update
        inventory 
    set
        branch_id=?,
        product_id=?,
        quantity=? 
    where
        id=?
Hibernate: 
    select
        p1_0.id,
        p1_0.active,
        p1_0.category_id,
        c1_0.id,
        c1_0.name,
        p1_0.created_at,
        p1_0.name,
        p1_0.updated_at 
    from
        product p1_0 
    join
        category c1_0 
            on c1_0.id=p1_0.category_id 
    where
        p1_0.id=?
Hibernate: 
    select
        s1_0.id,
        s1_0.branch_id,
        b1_0.id,
        b1_0.address,
        b1_0.name,
        s1_0.created_at,
        s1_0.payment_type_id,
        pt1_0.id,
        pt1_0.name,
        s1_0.pos_id,
        pt2_0.id,
        pt2_0.branch_id,
        b2_0.id,
        b2_0.address,
        b2_0.name,
        pt2_0.name,
        s1_0.synced,
        s1_0.total_amount 
    from
        sales s1_0 
    join
        branch b1_0 
            on b1_0.id=s1_0.branch_id 
    join
        payment_type pt1_0 
            on pt1_0.id=s1_0.payment_type_id 
    join
        pos_terminal pt2_0 
            on pt2_0.id=s1_0.pos_id 
    left join
        branch b2_0 
            on b2_0.id=pt2_0.branch_id 
    where
        s1_0.id=?
Hibernate: 
    select
        s1_0.id,
        s1_0.branch_id,
        b1_0.id,
        b1_0.address,
        b1_0.name,
        s1_0.created_at,
        s1_0.payment_type_id,
        pt1_0.id,
        pt1_0.name,
        s1_0.pos_id,
        pt2_0.id,
        pt2_0.branch_id,
        b2_0.id,
        b2_0.address,
        b2_0.name,
        pt2_0.name,
        s1_0.synced,
        s1_0.total_amount,
        i1_0.sale_id,
        i1_0.id,
        i1_0.discount_amount,
        dr1_0.id,
        dr1_0.active,
        dr1_0.discount_value,
        dr1_0.name,
        dr1_0.type,
        i1_0.price,
        i1_0.product_id,
        p1_0.id,
        p1_0.active,
        p1_0.category_id,
        c1_0.id,
        c1_0.name,
        p1_0.created_at,
        p1_0.name,
        p1_0.updated_at,
        i1_0.quantity 
    from
        sales s1_0 
    join
        branch b1_0 
            on b1_0.id=s1_0.branch_id 
    join
        payment_type pt1_0 
            on pt1_0.id=s1_0.payment_type_id 
    join
        pos_terminal pt2_0 
            on pt2_0.id=s1_0.pos_id 
    left join
        branch b2_0 
            on b2_0.id=pt2_0.branch_id 
    left join
        sale_item i1_0 
            on s1_0.id=i1_0.sale_id 
    left join
        discount_rule dr1_0 
            on dr1_0.id=i1_0.discount_rule_id 
    left join
        product p1_0 
            on p1_0.id=i1_0.product_id 
    left join
        category c1_0 
            on c1_0.id=p1_0.category_id 
    where
        s1_0.id=?
Hibernate: 
    select
        b1_0.id,
        b1_0.address,
        b1_0.name 
    from
        branch b1_0 
    where
        b1_0.id=?
Hibernate: 
    insert 
    into
        sales
        (branch_id, created_at, payment_type_id, pos_id, synced, total_amount, id) 
    values
        (?, ?, ?, ?, ?, ?, ?)
Hibernate: 
    insert 
    into
        sale_item
        (discount_amount, discount_rule_id, price, product_id, quantity, sale_id, id) 
    values
        (?, ?, ?, ?, ?, ?, default)
Hibernate: 
    select
        p1_0.id,
        p1_0.branch_id,
        b1_0.id,
        b1_0.address,
        b1_0.name,
        p1_0.name 
    from
        pos_terminal p1_0 
    join
        branch b1_0 
            on b1_0.id=p1_0.branch_id 
    where
        p1_0.id=?
Hibernate: 
    select
        pt1_0.id,
        pt1_0.name 
    from
        payment_type pt1_0 
    where
        pt1_0.id=?
Hibernate: 
    update
        inventory 
    set
        branch_id=?,
        product_id=?,
        quantity=? 
    where
        id=?
Hibernate: 
    select
        i1_0.id,
        i1_0.branch_id,
        i1_0.product_id,
        i1_0.quantity 
    from
        inventory i1_0 
    where
        i1_0.branch_id=? 
        and i1_0.product_id=? for update
Hibernate: 
    select
        s1_0.id,
        s1_0.branch_id,
        b1_0.id,
        b1_0.address,
        b1_0.name,
        s1_0.created_at,
        s1_0.payment_type_id,
        pt1_0.id,
        pt1_0.name,
        s1_0.pos_id,
        pt2_0.id,
        pt2_0.branch_id,
        b2_0.id,
        b2_0.address,
        b2_0.name,
        pt2_0.name,
        s1_0.synced,
        s1_0.total_amount 
    from
        sales s1_0 
    join
        branch b1_0 
            on b1_0.id=s1_0.branch_id 
    join
        payment_type pt1_0 
            on pt1_0.id=s1_0.payment_type_id 
    join
        pos_terminal pt2_0 
            on pt2_0.id=s1_0.pos_id 
    left join
        branch b2_0 
            on b2_0.id=pt2_0.branch_id 
    where
        s1_0.id=?
Hibernate: 
    select
        p1_0.id,
        p1_0.active,
        p1_0.category_id,
        c1_0.id,
        c1_0.name,
        p1_0.created_at,
        p1_0.name,
        p1_0.updated_at 
    from
        product p1_0 
    join
        category c1_0 
            on c1_0.id=p1_0.category_id 
    where
        p1_0.id=?
Hibernate: 
    select
        b1_0.id,
        b1_0.address,
        b1_0.name 
    from
        branch b1_0 
    where
        b1_0.id=?
Hibernate: 
    select
        s1_0.id,
        s1_0.branch_id,
        b1_0.id,
        b1_0.address,
        b1_0.name,
        s1_0.created_at,
        s1_0.payment_type_id,
        pt1_0.id,
        pt1_0.name,
        s1_0.pos_id,
        pt2_0.id,
        pt2_0.branch_id,
        b2_0.id,
        b2_0.address,
        b2_0.name,
        pt2_0.name,
        s1_0.synced,
        s1_0.total_amount,
        i1_0.sale_id,
        i1_0.id,
        i1_0.discount_amount,
        dr1_0.id,
        dr1_0.active,
        dr1_0.discount_value,
        dr1_0.name,
        dr1_0.type,
        i1_0.price,
        i1_0.product_id,
        p1_0.id,
        p1_0.active,
        p1_0.category_id,
        c1_0.id,
        c1_0.name,
        p1_0.created_at,
        p1_0.name,
        p1_0.updated_at,
        i1_0.quantity 
    from
        sales s1_0 
    join
        branch b1_0 
            on b1_0.id=s1_0.branch_id 
    join
        payment_type pt1_0 
            on pt1_0.id=s1_0.payment_type_id 
    join
        pos_terminal pt2_0 
            on pt2_0.id=s1_0.pos_id 
    left join
        branch b2_0 
            on b2_0.id=pt2_0.branch_id 
    left join
        sale_item i1_0 
            on s1_0.id=i1_0.sale_id 
    left join
        discount_rule dr1_0 
            on dr1_0.id=i1_0.discount_rule_id 
    left join
        product p1_0 
            on p1_0.id=i1_0.product_id 
    left join
        category c1_0 
            on c1_0.id=p1_0.category_id 
    where
        s1_0.id=?
Hibernate: 
    select
        p1_0.id,
        p1_0.branch_id,
        b1_0.id,
        b1_0.address,
        b1_0.name,
        p1_0.name 
    from
        pos_terminal p1_0 
    join
        branch b1_0 
            on b1_0.id=p1_0.branch_id 
    where
        p1_0.id=?
Hibernate: 
    select
        pt1_0.id,
        pt1_0.name 
    from
        payment_type pt1_0 
    where
        pt1_0.id=?
Hibernate: 
    select
        i1_0.id,
        i1_0.branch_id,
        i1_0.product_id,
        i1_0.quantity 
    from
        inventory i1_0 
    where
        i1_0.branch_id=? 
        and i1_0.product_id=? for update
Hibernate: 
    insert 
    into
        sales
        (branch_id, created_at, payment_type_id, pos_id, synced, total_amount, id) 
    values
        (?, ?, ?, ?, ?, ?, ?)
Hibernate: 
    insert 
    into
        sale_item
        (discount_amount, discount_rule_id, price, product_id, quantity, sale_id, id) 
    values
        (?, ?, ?, ?, ?, ?, default)
Hibernate: 
    update
        inventory 
    set
        branch_id=?,
        product_id=?,
        quantity=? 
    where
        id=?
Hibernate: 
    select
        p1_0.id,
        p1_0.active,
        p1_0.category_id,
        c1_0.id,
        c1_0.name,
        p1_0.created_at,
        p1_0.name,
        p1_0.updated_at 
    from
        product p1_0 
    join
        category c1_0 
            on c1_0.id=p1_0.category_id 
    where
        p1_0.id=?
Hibernate: 
    select
        s1_0.id,
        s1_0.branch_id,
        b1_0.id,
        b1_0.address,
        b1_0.name,
        s1_0.created_at,
        s1_0.payment_type_id,
        pt1_0.id,
        pt1_0.name,
        s1_0.pos_id,
        pt2_0.id,
        pt2_0.branch_id,
        b2_0.id,
        b2_0.address,
        b2_0.name,
        pt2_0.name,
        s1_0.synced,
        s1_0.total_amount 
    from
        sales s1_0 
    join
        branch b1_0 
            on b1_0.id=s1_0.branch_id 
    join
        payment_type pt1_0 
            on pt1_0.id=s1_0.payment_type_id 
    join
        pos_terminal pt2_0 
            on pt2_0.id=s1_0.pos_id 
    left join
        branch b2_0 
            on b2_0.id=pt2_0.branch_id 
    where
        s1_0.id=?
Hibernate: 
    select
        b1_0.id,
        b1_0.address,
        b1_0.name 
    from
        branch b1_0 
    where
        b1_0.id=?
Hibernate: 
    select
        s1_0.id,
        s1_0.branch_id,
        b1_0.id,
        b1_0.address,
        b1_0.name,
        s1_0.created_at,
        s1_0.payment_type_id,
        pt1_0.id,
        pt1_0.name,
        s1_0.pos_id,
        pt2_0.id,
        pt2_0.branch_id,
        b2_0.id,
        b2_0.address,
        b2_0.name,
        pt2_0.name,
        s1_0.synced,
        s1_0.total_amount,
        i1_0.sale_id,
        i1_0.id,
        i1_0.discount_amount,
        dr1_0.id,
        dr1_0.active,
        dr1_0.discount_value,
        dr1_0.name,
        dr1_0.type,
        i1_0.price,
        i1_0.product_id,
        p1_0.id,
        p1_0.active,
        p1_0.category_id,
        c1_0.id,
        c1_0.name,
        p1_0.created_at,
        p1_0.name,
        p1_0.updated_at,
        i1_0.quantity 
    from
        sales s1_0 
    join
        branch b1_0 
            on b1_0.id=s1_0.branch_id 
    join
        payment_type pt1_0 
            on pt1_0.id=s1_0.payment_type_id 
    join
        pos_terminal pt2_0 
            on pt2_0.id=s1_0.pos_id 
    left join
        branch b2_0 
            on b2_0.id=pt2_0.branch_id 
    left join
        sale_item i1_0 
            on s1_0.id=i1_0.sale_id 
    left join
        discount_rule dr1_0 
            on dr1_0.id=i1_0.discount_rule_id 
    left join
        product p1_0 
            on p1_0.id=i1_0.product_id 
    left join
        category c1_0 
            on c1_0.id=p1_0.category_id 
    where
        s1_0.id=?
Hibernate: 
    select
        p1_0.id,
        p1_0.branch_id,
        b1_0.id,
        b1_0.address,
        b1_0.name,
        p1_0.name 
    from
        pos_terminal p1_0 
    join
        branch b1_0 
            on b1_0.id=p1_0.branch_id 
    where
        p1_0.id=?
Hibernate: 
    select
        pt1_0.id,
        pt1_0.name 
    from
        payment_type pt1_0 
    where
        pt1_0.id=?
Hibernate: 
    insert 
    into
        sales
        (branch_id, created_at, payment_type_id, pos_id, synced, total_amount, id) 
    values
        (?, ?, ?, ?, ?, ?, ?)
Hibernate: 
    select
        i1_0.id,
        i1_0.branch_id,
        i1_0.product_id,
        i1_0.quantity 
    from
        inventory i1_0 
    where
        i1_0.branch_id=? 
        and i1_0.product_id=? for update
Hibernate: 
    insert 
    into
        sale_item
        (discount_amount, discount_rule_id, price, product_id, quantity, sale_id, id) 
    values
        (?, ?, ?, ?, ?, ?, default)
Hibernate: 
    update
        inventory 
    set
        branch_id=?,
        product_id=?,
        quantity=? 
    where
        id=?
Hibernate: 
    select
        p1_0.id,
        p1_0.active,
        p1_0.category_id,
        c1_0.id,
        c1_0.name,
        p1_0.created_at,
        p1_0.name,
        p1_0.updated_at 
    from
        product p1_0 
    join
        category c1_0 
            on c1_0.id=p1_0.category_id 
    where
        p1_0.id=?
Hibernate: 
    select
        s1_0.id,
        s1_0.branch_id,
        b1_0.id,
        b1_0.address,
        b1_0.name,
        s1_0.created_at,
        s1_0.payment_type_id,
        pt1_0.id,
        pt1_0.name,
        s1_0.pos_id,
        pt2_0.id,
        pt2_0.branch_id,
        b2_0.id,
        b2_0.address,
        b2_0.name,
        pt2_0.name,
        s1_0.synced,
        s1_0.total_amount 
    from
        sales s1_0 
    join
        branch b1_0 
            on b1_0.id=s1_0.branch_id 
    join
        payment_type pt1_0 
            on pt1_0.id=s1_0.payment_type_id 
    join
        pos_terminal pt2_0 
            on pt2_0.id=s1_0.pos_id 
    left join
        branch b2_0 
            on b2_0.id=pt2_0.branch_id 
    where
        s1_0.id=?
Hibernate: 
    select
        b1_0.id,
        b1_0.address,
        b1_0.name 
    from
        branch b1_0 
    where
        b1_0.id=?
Hibernate: 
    select
        p1_0.id,
        p1_0.branch_id,
        b1_0.id,
        b1_0.address,
        b1_0.name,
        p1_0.name 
    from
        pos_terminal p1_0 
    join
        branch b1_0 
            on b1_0.id=p1_0.branch_id 
    where
        p1_0.id=?
Hibernate: 
    select
        s1_0.id,
        s1_0.branch_id,
        b1_0.id,
        b1_0.address,
        b1_0.name,
        s1_0.created_at,
        s1_0.payment_type_id,
        pt1_0.id,
        pt1_0.name,
        s1_0.pos_id,
        pt2_0.id,
        pt2_0.branch_id,
        b2_0.id,
        b2_0.address,
        b2_0.name,
        pt2_0.name,
        s1_0.synced,
        s1_0.total_amount,
        i1_0.sale_id,
        i1_0.id,
        i1_0.discount_amount,
        dr1_0.id,
        dr1_0.active,
        dr1_0.discount_value,
        dr1_0.name,
        dr1_0.type,
        i1_0.price,
        i1_0.product_id,
        p1_0.id,
        p1_0.active,
        p1_0.category_id,
        c1_0.id,
        c1_0.name,
        p1_0.created_at,
        p1_0.name,
        p1_0.updated_at,
        i1_0.quantity 
    from
        sales s1_0 
    join
        branch b1_0 
            on b1_0.id=s1_0.branch_id 
    join
        payment_type pt1_0 
            on pt1_0.id=s1_0.payment_type_id 
    join
        pos_terminal pt2_0 
            on pt2_0.id=s1_0.pos_id 
    left join
        branch b2_0 
            on b2_0.id=pt2_0.branch_id 
    left join
        sale_item i1_0 
            on s1_0.id=i1_0.sale_id 
    left join
        discount_rule dr1_0 
            on dr1_0.id=i1_0.discount_rule_id 
    left join
        product p1_0 
            on p1_0.id=i1_0.product_id 
    left join
        category c1_0 
            on c1_0.id=p1_0.category_id 
    where
        s1_0.id=?
Hibernate: 
    select
        pt1_0.id,
        pt1_0.name 
    from
        payment_type pt1_0 
    where
        pt1_0.id=?
Hibernate: 
    insert 
    into
        sales
        (branch_id, created_at, payment_type_id, pos_id, synced, total_amount, id) 
    values
        (?, ?, ?, ?, ?, ?, ?)
Hibernate: 
    select
        i1_0.id,
        i1_0.branch_id,
        i1_0.product_id,
        i1_0.quantity 
    from
        inventory i1_0 
    where
        i1_0.branch_id=? 
        and i1_0.product_id=? for update
Hibernate: 
    insert 
    into
        sale_item
        (discount_amount, discount_rule_id, price, product_id, quantity, sale_id, id) 
    values
        (?, ?, ?, ?, ?, ?, default)
Hibernate: 
    update
        inventory 
    set
        branch_id=?,
        product_id=?,
        quantity=? 
    where
        id=?
Hibernate: 
    select
        s1_0.id,
        s1_0.branch_id,
        b1_0.id,
        b1_0.address,
        b1_0.name,
        s1_0.created_at,
        s1_0.payment_type_id,
        pt1_0.id,
        pt1_0.name,
        s1_0.pos_id,
        pt2_0.id,
        pt2_0.branch_id,
        b2_0.id,
        b2_0.address,
        b2_0.name,
        pt2_0.name,
        s1_0.synced,
        s1_0.total_amount 
    from
        sales s1_0 
    join
        branch b1_0 
            on b1_0.id=s1_0.branch_id 
    join
        payment_type pt1_0 
            on pt1_0.id=s1_0.payment_type_id 
    join
        pos_terminal pt2_0 
            on pt2_0.id=s1_0.pos_id 
    left join
        branch b2_0 
            on b2_0.id=pt2_0.branch_id 
    where
        s1_0.id=?
Hibernate: 
    select
        p1_0.id,
        p1_0.active,
        p1_0.category_id,
        c1_0.id,
        c1_0.name,
        p1_0.created_at,
        p1_0.name,
        p1_0.updated_at 
    from
        product p1_0 
    join
        category c1_0 
            on c1_0.id=p1_0.category_id 
    where
        p1_0.id=?
Hibernate: 
    select
        s1_0.id,
        s1_0.branch_id,
        b1_0.id,
        b1_0.address,
        b1_0.name,
        s1_0.created_at,
        s1_0.payment_type_id,
        pt1_0.id,
        pt1_0.name,
        s1_0.pos_id,
        pt2_0.id,
        pt2_0.branch_id,
        b2_0.id,
        b2_0.address,
        b2_0.name,
        pt2_0.name,
        s1_0.synced,
        s1_0.total_amount,
        i1_0.sale_id,
        i1_0.id,
        i1_0.discount_amount,
        dr1_0.id,
        dr1_0.active,
        dr1_0.discount_value,
        dr1_0.name,
        dr1_0.type,
        i1_0.price,
        i1_0.product_id,
        p1_0.id,
        p1_0.active,
        p1_0.category_id,
        c1_0.id,
        c1_0.name,
        p1_0.created_at,
        p1_0.name,
        p1_0.updated_at,
        i1_0.quantity 
    from
        sales s1_0 
    join
        branch b1_0 
            on b1_0.id=s1_0.branch_id 
    join
        payment_type pt1_0 
            on pt1_0.id=s1_0.payment_type_id 
    join
        pos_terminal pt2_0 
            on pt2_0.id=s1_0.pos_id 
    left join
        branch b2_0 
            on b2_0.id=pt2_0.branch_id 
    left join
        sale_item i1_0 
            on s1_0.id=i1_0.sale_id 
    left join
        discount_rule dr1_0 
            on dr1_0.id=i1_0.discount_rule_id 
    left join
        product p1_0 
            on p1_0.id=i1_0.product_id 
    left join
        category c1_0 
            on c1_0.id=p1_0.category_id 
    where
        s1_0.id=?
Hibernate: 
    select
        b1_0.id,
        b1_0.address,
        b1_0.name 
    from
        branch b1_0 
    where
        b1_0.id=?
Hibernate: 
    select
        p1_0.id,
        p1_0.branch_id,
        b1_0.id,
        b1_0.address,
        b1_0.name,
        p1_0.name 
    from
        pos_terminal p1_0 
    join
        branch b1_0 
            on b1_0.id=p1_0.branch_id 
    where
        p1_0.id=?
Hibernate: 
    insert 
    into
        sales
        (branch_id, created_at, payment_type_id, pos_id, synced, total_amount, id) 
    values
        (?, ?, ?, ?, ?, ?, ?)
Hibernate: 
    select
        pt1_0.id,
        pt1_0.name 
    from
        payment_type pt1_0 
    where
        pt1_0.id=?
Hibernate: 
    insert 
    into
        sale_item
        (discount_amount, discount_rule_id, price, product_id, quantity, sale_id, id) 
    values
        (?, ?, ?, ?, ?, ?, default)
Hibernate: 
    select
        i1_0.id,
        i1_0.branch_id,
        i1_0.product_id,
        i1_0.quantity 
    from
        inventory i1_0 
    where
        i1_0.branch_id=? 
        and i1_0.product_id=? for update
Hibernate: 
    update
        inventory 
    set
        branch_id=?,
        product_id=?,
        quantity=? 
    where
        id=?
Hibernate: 
    select
        p1_0.id,
        p1_0.active,
        p1_0.category_id,
        c1_0.id,
        c1_0.name,
        p1_0.created_at,
        p1_0.name,
        p1_0.updated_at 
    from
        product p1_0 
    join
        category c1_0 
            on c1_0.id=p1_0.category_id 
    where
        p1_0.id=?
Hibernate: 
    select
        s1_0.id,
        s1_0.branch_id,
        b1_0.id,
        b1_0.address,
        b1_0.name,
        s1_0.created_at,
        s1_0.payment_type_id,
        pt1_0.id,
        pt1_0.name,
        s1_0.pos_id,
        pt2_0.id,
        pt2_0.branch_id,
        b2_0.id,
        b2_0.address,
        b2_0.name,
        pt2_0.name,
        s1_0.synced,
        s1_0.total_amount 
    from
        sales s1_0 
    join
        branch b1_0 
            on b1_0.id=s1_0.branch_id 
    join
        payment_type pt1_0 
            on pt1_0.id=s1_0.payment_type_id 
    join
        pos_terminal pt2_0 
            on pt2_0.id=s1_0.pos_id 
    left join
        branch b2_0 
            on b2_0.id=pt2_0.branch_id 
    where
        s1_0.id=?
Hibernate: 
    select
        b1_0.id,
        b1_0.address,
        b1_0.name 
    from
        branch b1_0 
    where
        b1_0.id=?
Hibernate: 
    select
        p1_0.id,
        p1_0.branch_id,
        b1_0.id,
        b1_0.address,
        b1_0.name,
        p1_0.name 
    from
        pos_terminal p1_0 
    join
        branch b1_0 
            on b1_0.id=p1_0.branch_id 
    where
        p1_0.id=?
Hibernate: 
    select
        s1_0.id,
        s1_0.branch_id,
        b1_0.id,
        b1_0.address,
        b1_0.name,
        s1_0.created_at,
        s1_0.payment_type_id,
        pt1_0.id,
        pt1_0.name,
        s1_0.pos_id,
        pt2_0.id,
        pt2_0.branch_id,
        b2_0.id,
        b2_0.address,
        b2_0.name,
        pt2_0.name,
        s1_0.synced,
        s1_0.total_amount,
        i1_0.sale_id,
        i1_0.id,
        i1_0.discount_amount,
        dr1_0.id,
        dr1_0.active,
        dr1_0.discount_value,
        dr1_0.name,
        dr1_0.type,
        i1_0.price,
        i1_0.product_id,
        p1_0.id,
        p1_0.active,
        p1_0.category_id,
        c1_0.id,
        c1_0.name,
        p1_0.created_at,
        p1_0.name,
        p1_0.updated_at,
        i1_0.quantity 
    from
        sales s1_0 
    join
        branch b1_0 
            on b1_0.id=s1_0.branch_id 
    join
        payment_type pt1_0 
            on pt1_0.id=s1_0.payment_type_id 
    join
        pos_terminal pt2_0 
            on pt2_0.id=s1_0.pos_id 
    left join
        branch b2_0 
            on b2_0.id=pt2_0.branch_id 
    left join
        sale_item i1_0 
            on s1_0.id=i1_0.sale_id 
    left join
        discount_rule dr1_0 
            on dr1_0.id=i1_0.discount_rule_id 
    left join
        product p1_0 
            on p1_0.id=i1_0.product_id 
    left join
        category c1_0 
            on c1_0.id=p1_0.category_id 
    where
        s1_0.id=?
Hibernate: 
    select
        pt1_0.id,
        pt1_0.name 
    from
        payment_type pt1_0 
    where
        pt1_0.id=?
Hibernate: 
    select
        i1_0.id,
        i1_0.branch_id,
        i1_0.product_id,
        i1_0.quantity 
    from
        inventory i1_0 
    where
        i1_0.branch_id=? 
        and i1_0.product_id=? for update
Hibernate: 
    insert 
    into
        sales
        (branch_id, created_at, payment_type_id, pos_id, synced, total_amount, id) 
    values
        (?, ?, ?, ?, ?, ?, ?)
Hibernate: 
    insert 
    into
        sale_item
        (discount_amount, discount_rule_id, price, product_id, quantity, sale_id, id) 
    values
        (?, ?, ?, ?, ?, ?, default)
Hibernate: 
    update
        inventory 
    set
        branch_id=?,
        product_id=?,
        quantity=? 
    where
        id=?
Hibernate: 
    select
        s1_0.id,
        s1_0.branch_id,
        b1_0.id,
        b1_0.address,
        b1_0.name,
        s1_0.created_at,
        s1_0.payment_type_id,
        pt1_0.id,
        pt1_0.name,
        s1_0.pos_id,
        pt2_0.id,
        pt2_0.branch_id,
        b2_0.id,
        b2_0.address,
        b2_0.name,
        pt2_0.name,
        s1_0.synced,
        s1_0.total_amount 
    from
        sales s1_0 
    join
        branch b1_0 
            on b1_0.id=s1_0.branch_id 
    join
        payment_type pt1_0 
            on pt1_0.id=s1_0.payment_type_id 
    join
        pos_terminal pt2_0 
            on pt2_0.id=s1_0.pos_id 
    left join
        branch b2_0 
            on b2_0.id=pt2_0.branch_id 
    where
        s1_0.id=?
Hibernate: 
    select
        p1_0.id,
        p1_0.active,
        p1_0.category_id,
        c1_0.id,
        c1_0.name,
        p1_0.created_at,
        p1_0.name,
        p1_0.updated_at 
    from
        product p1_0 
    join
        category c1_0 
            on c1_0.id=p1_0.category_id 
    where
        p1_0.id=?
Hibernate: 
    select
        b1_0.id,
        b1_0.address,
        b1_0.name 
    from
        branch b1_0 
    where
        b1_0.id=?
Hibernate: 
    select
        p1_0.id,
        p1_0.branch_id,
        b1_0.id,
        b1_0.address,
        b1_0.name,
        p1_0.name 
    from
        pos_terminal p1_0 
    join
        branch b1_0 
            on b1_0.id=p1_0.branch_id 
    where
        p1_0.id=?
Hibernate: 
    select
        s1_0.id,
        s1_0.branch_id,
        b1_0.id,
        b1_0.address,
        b1_0.name,
        s1_0.created_at,
        s1_0.payment_type_id,
        pt1_0.id,
        pt1_0.name,
        s1_0.pos_id,
        pt2_0.id,
        pt2_0.branch_id,
        b2_0.id,
        b2_0.address,
        b2_0.name,
        pt2_0.name,
        s1_0.synced,
        s1_0.total_amount,
        i1_0.sale_id,
        i1_0.id,
        i1_0.discount_amount,
        dr1_0.id,
        dr1_0.active,
        dr1_0.discount_value,
        dr1_0.name,
        dr1_0.type,
        i1_0.price,
        i1_0.product_id,
        p1_0.id,
        p1_0.active,
        p1_0.category_id,
        c1_0.id,
        c1_0.name,
        p1_0.created_at,
        p1_0.name,
        p1_0.updated_at,
        i1_0.quantity 
    from
        sales s1_0 
    join
        branch b1_0 
            on b1_0.id=s1_0.branch_id 
    join
        payment_type pt1_0 
            on pt1_0.id=s1_0.payment_type_id 
    join
        pos_terminal pt2_0 
            on pt2_0.id=s1_0.pos_id 
    left join
        branch b2_0 
            on b2_0.id=pt2_0.branch_id 
    left join
        sale_item i1_0 
            on s1_0.id=i1_0.sale_id 
    left join
        discount_rule dr1_0 
            on dr1_0.id=i1_0.discount_rule_id 
    left join
        product p1_0 
            on p1_0.id=i1_0.product_id 
    left join
        category c1_0 
            on c1_0.id=p1_0.category_id 
    where
        s1_0.id=?
Hibernate: 
    select
        pt1_0.id,
        pt1_0.name 
    from
        payment_type pt1_0 
    where
        pt1_0.id=?
Hibernate: 
    insert 
    into
        sales
        (branch_id, created_at, payment_type_id, pos_id, synced, total_amount, id) 
    values
        (?, ?, ?, ?, ?, ?, ?)
Hibernate: 
    insert 
    into
        sale_item
        (discount_amount, discount_rule_id, price, product_id, quantity, sale_id, id) 
    values
        (?, ?, ?, ?, ?, ?, default)
Hibernate: 
    select
        i1_0.id,
        i1_0.branch_id,
        i1_0.product_id,
        i1_0.quantity 
    from
        inventory i1_0 
    where
        i1_0.branch_id=? 
        and i1_0.product_id=? for update
Hibernate: 
    update
        inventory 
    set
        branch_id=?,
        product_id=?,
        quantity=? 
    where
        id=?
Hibernate: 
    select
        s1_0.id,
        s1_0.branch_id,
        b1_0.id,
        b1_0.address,
        b1_0.name,
        s1_0.created_at,
        s1_0.payment_type_id,
        pt1_0.id,
        pt1_0.name,
        s1_0.pos_id,
        pt2_0.id,
        pt2_0.branch_id,
        b2_0.id,
        b2_0.address,
        b2_0.name,
        pt2_0.name,
        s1_0.synced,
        s1_0.total_amount 
    from
        sales s1_0 
    join
        branch b1_0 
            on b1_0.id=s1_0.branch_id 
    join
        payment_type pt1_0 
            on pt1_0.id=s1_0.payment_type_id 
    join
        pos_terminal pt2_0 
            on pt2_0.id=s1_0.pos_id 
    left join
        branch b2_0 
            on b2_0.id=pt2_0.branch_id 
    where
        s1_0.id=?
Hibernate: 
    select
        p1_0.id,
        p1_0.active,
        p1_0.category_id,
        c1_0.id,
        c1_0.name,
        p1_0.created_at,
        p1_0.name,
        p1_0.updated_at 
    from
        product p1_0 
    join
        category c1_0 
            on c1_0.id=p1_0.category_id 
    where
        p1_0.id=?
Hibernate: 
    select
        b1_0.id,
        b1_0.address,
        b1_0.name 
    from
[...]
    left join
        category c1_0 
            on c1_0.id=p1_0.category_id 
    where
        s1_0.id=?
Hibernate: 
    insert 
    into
        sales
        (branch_id, created_at, payment_type_id, pos_id, synced, total_amount, id) 
    values
        (?, ?, ?, ?, ?, ?, ?)
Hibernate: 
    insert 
    into
        sale_item
        (discount_amount, discount_rule_id, price, product_id, quantity, sale_id, id) 
    values
        (?, ?, ?, ?, ?, ?, default)
Hibernate: 
    update
        inventory 
    set
        branch_id=?,
        product_id=?,
        quantity=? 
    where
        id=?
Hibernate: 
    select
        p1_0.id,
        p1_0.active,
        p1_0.category_id,
        c1_0.id,
        c1_0.name,
        p1_0.created_at,
        p1_0.name,
        p1_0.updated_at 
    from
        product p1_0 
    join
        category c1_0 
            on c1_0.id=p1_0.category_id 
    where
        p1_0.id=?
Hibernate: 
    select
        s1_0.id,
        s1_0.branch_id,
        b1_0.id,
        b1_0.address,
        b1_0.name,
        s1_0.created_at,
        s1_0.payment_type_id,
        pt1_0.id,
        pt1_0.name,
        s1_0.pos_id,
        pt2_0.id,
        pt2_0.branch_id,
        b2_0.id,
        b2_0.address,
        b2_0.name,
        pt2_0.name,
        s1_0.synced,
        s1_0.total_amount,
        i1_0.sale_id,
        i1_0.id,
        i1_0.discount_amount,
        dr1_0.id,
        dr1_0.active,
        dr1_0.discount_value,
        dr1_0.name,
        dr1_0.type,
        i1_0.price,
        i1_0.product_id,
        p1_0.id,
        p1_0.active,
        p1_0.category_id,
        c1_0.id,
        c1_0.name,
        p1_0.created_at,
        p1_0.name,
        p1_0.updated_at,
        i1_0.quantity 
    from
        sales s1_0 
    join
        branch b1_0 
            on b1_0.id=s1_0.branch_id 
    join
        payment_type pt1_0 
            on pt1_0.id=s1_0.payment_type_id 
    join
        pos_terminal pt2_0 
            on pt2_0.id=s1_0.pos_id 
    left join
        branch b2_0 
            on b2_0.id=pt2_0.branch_id 
    left join
        sale_item i1_0 
            on s1_0.id=i1_0.sale_id 
    left join
        discount_rule dr1_0 
            on dr1_0.id=i1_0.discount_rule_id 
    left join
        product p1_0 
            on p1_0.id=i1_0.product_id 
    left join
        category c1_0 
            on c1_0.id=p1_0.category_id 
    where
        s1_0.id=?
Hibernate: 
    insert 
    into
        sales
        (branch_id, created_at, payment_type_id, pos_id, synced, total_amount, id) 
    values
        (?, ?, ?, ?, ?, ?, ?)
Hibernate: 
    insert 
    into
        sale_item
        (discount_amount, discount_rule_id, price, product_id, quantity, sale_id, id) 
    values
        (?, ?, ?, ?, ?, ?, default)
Hibernate: 
    update
        inventory 
    set
        branch_id=?,
        product_id=?,
        quantity=? 
    where
        id=?
Hibernate: 
    select
        p1_0.id,
        p1_0.active,
        p1_0.category_id,
        c1_0.id,
        c1_0.name,
        p1_0.created_at,
        p1_0.name,
        p1_0.updated_at 
    from
        product p1_0 
    join
        category c1_0 
            on c1_0.id=p1_0.category_id 
    where
        p1_0.id=?
Hibernate: 
    select
        s1_0.id,
        s1_0.branch_id,
        b1_0.id,
        b1_0.address,
        b1_0.name,
        s1_0.created_at,
        s1_0.payment_type_id,
        pt1_0.id,
        pt1_0.name,
        s1_0.pos_id,
        pt2_0.id,
        pt2_0.branch_id,
        b2_0.id,
        b2_0.address,
        b2_0.name,
        pt2_0.name,
        s1_0.synced,
        s1_0.total_amount,
        i1_0.sale_id,
        i1_0.id,
        i1_0.discount_amount,
        dr1_0.id,
        dr1_0.active,
        dr1_0.discount_value,
        dr1_0.name,
        dr1_0.type,
        i1_0.price,
        i1_0.product_id,
        p1_0.id,
        p1_0.active,
        p1_0.category_id,
        c1_0.id,
        c1_0.name,
        p1_0.created_at,
        p1_0.name,
        p1_0.updated_at,
        i1_0.quantity 
    from
        sales s1_0 
    join
        branch b1_0 
            on b1_0.id=s1_0.branch_id 
    join
        payment_type pt1_0 
            on pt1_0.id=s1_0.payment_type_id 
    join
        pos_terminal pt2_0 
            on pt2_0.id=s1_0.pos_id 
    left join
        branch b2_0 
            on b2_0.id=pt2_0.branch_id 
    left join
        sale_item i1_0 
            on s1_0.id=i1_0.sale_id 
    left join
        discount_rule dr1_0 
            on dr1_0.id=i1_0.discount_rule_id 
    left join
        product p1_0 
            on p1_0.id=i1_0.product_id 
    left join
        category c1_0 
            on c1_0.id=p1_0.category_id 
    where
        s1_0.id=?
Hibernate: 
    insert 
    into
        sales
        (branch_id, created_at, payment_type_id, pos_id, synced, total_amount, id) 
    values
        (?, ?, ?, ?, ?, ?, ?)
Hibernate: 
    insert 
    into
        sale_item
        (discount_amount, discount_rule_id, price, product_id, quantity, sale_id, id) 
    values
        (?, ?, ?, ?, ?, ?, default)
Hibernate: 
    update
        inventory 
    set
        branch_id=?,
        product_id=?,
        quantity=? 
    where
        id=?
Hibernate: 
    select
        p1_0.id,
        p1_0.active,
        p1_0.category_id,
        c1_0.id,
        c1_0.name,
        p1_0.created_at,
        p1_0.name,
        p1_0.updated_at 
    from
        product p1_0 
    join
        category c1_0 
            on c1_0.id=p1_0.category_id 
    where
        p1_0.id=?
Hibernate: 
    select
        s1_0.id,
        s1_0.branch_id,
        b1_0.id,
        b1_0.address,
        b1_0.name,
        s1_0.created_at,
        s1_0.payment_type_id,
        pt1_0.id,
        pt1_0.name,
        s1_0.pos_id,
        pt2_0.id,
        pt2_0.branch_id,
        b2_0.id,
        b2_0.address,
        b2_0.name,
        pt2_0.name,
        s1_0.synced,
        s1_0.total_amount,
        i1_0.sale_id,
        i1_0.id,
        i1_0.discount_amount,
        dr1_0.id,
        dr1_0.active,
        dr1_0.discount_value,
        dr1_0.name,
        dr1_0.type,
        i1_0.price,
        i1_0.product_id,
        p1_0.id,
        p1_0.active,
        p1_0.category_id,
        c1_0.id,
        c1_0.name,
        p1_0.created_at,
        p1_0.name,
        p1_0.updated_at,
        i1_0.quantity 
    from
        sales s1_0 
    join
        branch b1_0 
            on b1_0.id=s1_0.branch_id 
    join
        payment_type pt1_0 
            on pt1_0.id=s1_0.payment_type_id 
    join
        pos_terminal pt2_0 
            on pt2_0.id=s1_0.pos_id 
    left join
        branch b2_0 
            on b2_0.id=pt2_0.branch_id 
    left join
        sale_item i1_0 
            on s1_0.id=i1_0.sale_id 
    left join
        discount_rule dr1_0 
            on dr1_0.id=i1_0.discount_rule_id 
    left join
        product p1_0 
            on p1_0.id=i1_0.product_id 
    left join
        category c1_0 
            on c1_0.id=p1_0.category_id 
    where
        s1_0.id=?
Hibernate: 
    insert 
    into
        sales
        (branch_id, created_at, payment_type_id, pos_id, synced, total_amount, id) 
    values
        (?, ?, ?, ?, ?, ?, ?)
Hibernate: 
    insert 
    into
        sale_item
        (discount_amount, discount_rule_id, price, product_id, quantity, sale_id, id) 
    values
        (?, ?, ?, ?, ?, ?, default)
Hibernate: 
    update
        inventory 
    set
        branch_id=?,
        product_id=?,
        quantity=? 
    where
        id=?
Hibernate: 
    select
        p1_0.id,
        p1_0.active,
        p1_0.category_id,
        c1_0.id,
        c1_0.name,
        p1_0.created_at,
        p1_0.name,
        p1_0.updated_at 
    from
        product p1_0 
    join
        category c1_0 
            on c1_0.id=p1_0.category_id 
    where
        p1_0.id=?
Hibernate: 
    select
        s1_0.id,
        s1_0.branch_id,
        b1_0.id,
        b1_0.address,
        b1_0.name,
        s1_0.created_at,
        s1_0.payment_type_id,
        pt1_0.id,
        pt1_0.name,
        s1_0.pos_id,
        pt2_0.id,
        pt2_0.branch_id,
        b2_0.id,
        b2_0.address,
        b2_0.name,
        pt2_0.name,
        s1_0.synced,
        s1_0.total_amount,
        i1_0.sale_id,
        i1_0.id,
        i1_0.discount_amount,
        dr1_0.id,
        dr1_0.active,
        dr1_0.discount_value,
        dr1_0.name,
        dr1_0.type,
        i1_0.price,
        i1_0.product_id,
        p1_0.id,
        p1_0.active,
        p1_0.category_id,
        c1_0.id,
        c1_0.name,
        p1_0.created_at,
        p1_0.name,
        p1_0.updated_at,
        i1_0.quantity 
    from
        sales s1_0 
    join
        branch b1_0 
            on b1_0.id=s1_0.branch_id 
    join
        payment_type pt1_0 
            on pt1_0.id=s1_0.payment_type_id 
    join
        pos_terminal pt2_0 
            on pt2_0.id=s1_0.pos_id 
    left join
        branch b2_0 
            on b2_0.id=pt2_0.branch_id 
    left join
        sale_item i1_0 
            on s1_0.id=i1_0.sale_id 
    left join
        discount_rule dr1_0 
            on dr1_0.id=i1_0.discount_rule_id 
    left join
        product p1_0 
            on p1_0.id=i1_0.product_id 
    left join
        category c1_0 
            on c1_0.id=p1_0.category_id 
    where
        s1_0.id=?
Hibernate: 
    insert 
    into
        sales
        (branch_id, created_at, payment_type_id, pos_id, synced, total_amount, id) 
    values
        (?, ?, ?, ?, ?, ?, ?)
Hibernate: 
    insert 
    into
        sale_item
        (discount_amount, discount_rule_id, price, product_id, quantity, sale_id, id) 
    values
        (?, ?, ?, ?, ?, ?, default)
Hibernate: 
    update
        inventory 
    set
        branch_id=?,
        product_id=?,
        quantity=? 
    where
        id=?
Hibernate: 
    select
        p1_0.id,
        p1_0.active,
        p1_0.category_id,
        c1_0.id,
        c1_0.name,
        p1_0.created_at,
        p1_0.name,
        p1_0.updated_at 
    from
        product p1_0 
    join
        category c1_0 
            on c1_0.id=p1_0.category_id 
    where
        p1_0.id=?
Hibernate: 
    select
        s1_0.id,
        s1_0.branch_id,
        b1_0.id,
        b1_0.address,
        b1_0.name,
        s1_0.created_at,
        s1_0.payment_type_id,
        pt1_0.id,
        pt1_0.name,
        s1_0.pos_id,
        pt2_0.id,
        pt2_0.branch_id,
        b2_0.id,
        b2_0.address,
        b2_0.name,
        pt2_0.name,
        s1_0.synced,
        s1_0.total_amount,
        i1_0.sale_id,
        i1_0.id,
        i1_0.discount_amount,
        dr1_0.id,
        dr1_0.active,
        dr1_0.discount_value,
        dr1_0.name,
        dr1_0.type,
        i1_0.price,
        i1_0.product_id,
        p1_0.id,
        p1_0.active,
        p1_0.category_id,
        c1_0.id,
        c1_0.name,
        p1_0.created_at,
        p1_0.name,
        p1_0.updated_at,
        i1_0.quantity 
    from
        sales s1_0 
    join
        branch b1_0 
            on b1_0.id=s1_0.branch_id 
    join
        payment_type pt1_0 
            on pt1_0.id=s1_0.payment_type_id 
    join
        pos_terminal pt2_0 
            on pt2_0.id=s1_0.pos_id 
    left join
        branch b2_0 
            on b2_0.id=pt2_0.branch_id 
    left join
        sale_item i1_0 
            on s1_0.id=i1_0.sale_id 
    left join
        discount_rule dr1_0 
            on dr1_0.id=i1_0.discount_rule_id 
    left join
        product p1_0 
            on p1_0.id=i1_0.product_id 
    left join
        category c1_0 
            on c1_0.id=p1_0.category_id 
    where
        s1_0.id=?
Hibernate: 
    insert 
    into
        sales
        (branch_id, created_at, payment_type_id, pos_id, synced, total_amount, id) 
    values
        (?, ?, ?, ?, ?, ?, ?)
Hibernate: 
    insert 
    into
        sale_item
        (discount_amount, discount_rule_id, price, product_id, quantity, sale_id, id) 
    values
        (?, ?, ?, ?, ?, ?, default)
Hibernate: 
    update
        inventory 
    set
        branch_id=?,
        product_id=?,
        quantity=? 
    where
        id=?
Hibernate: 
    select
        p1_0.id,
        p1_0.active,
        p1_0.category_id,
        c1_0.id,
        c1_0.name,
        p1_0.created_at,
        p1_0.name,
        p1_0.updated_at 
    from
        product p1_0 
    join
        category c1_0 
            on c1_0.id=p1_0.category_id 
    where
        p1_0.id=?
Hibernate: 
    select
        s1_0.id,
        s1_0.branch_id,
        b1_0.id,
        b1_0.address,
        b1_0.name,
        s1_0.created_at,
        s1_0.payment_type_id,
        pt1_0.id,
        pt1_0.name,
        s1_0.pos_id,
        pt2_0.id,
        pt2_0.branch_id,
        b2_0.id,
        b2_0.address,
        b2_0.name,
        pt2_0.name,
        s1_0.synced,
        s1_0.total_amount,
        i1_0.sale_id,
        i1_0.id,
        i1_0.discount_amount,
        dr1_0.id,
        dr1_0.active,
        dr1_0.discount_value,
        dr1_0.name,
        dr1_0.type,
        i1_0.price,
        i1_0.product_id,
        p1_0.id,
        p1_0.active,
        p1_0.category_id,
        c1_0.id,
        c1_0.name,
        p1_0.created_at,
        p1_0.name,
        p1_0.updated_at,
        i1_0.quantity 
    from
        sales s1_0 
    join
        branch b1_0 
            on b1_0.id=s1_0.branch_id 
    join
        payment_type pt1_0 
            on pt1_0.id=s1_0.payment_type_id 
    join
        pos_terminal pt2_0 
            on pt2_0.id=s1_0.pos_id 
    left join
        branch b2_0 
            on b2_0.id=pt2_0.branch_id 
    left join
        sale_item i1_0 
            on s1_0.id=i1_0.sale_id 
    left join
        discount_rule dr1_0 
            on dr1_0.id=i1_0.discount_rule_id 
    left join
        product p1_0 
            on p1_0.id=i1_0.product_id 
    left join
        category c1_0 
            on c1_0.id=p1_0.category_id 
    where
        s1_0.id=?
Hibernate: 
    insert 
    into
        sales
        (branch_id, created_at, payment_type_id, pos_id, synced, total_amount, id) 
    values
        (?, ?, ?, ?, ?, ?, ?)
Hibernate: 
    insert 
    into
        sale_item
        (discount_amount, discount_rule_id, price, product_id, quantity, sale_id, id) 
    values
        (?, ?, ?, ?, ?, ?, default)
Hibernate: 
    update
        inventory 
    set
        branch_id=?,
        product_id=?,
        quantity=? 
    where
        id=?
Hibernate: 
    select
        p1_0.id,
        p1_0.active,
        p1_0.category_id,
        c1_0.id,
        c1_0.name,
        p1_0.created_at,
        p1_0.name,
        p1_0.updated_at 
    from
        product p1_0 
    join
        category c1_0 
            on c1_0.id=p1_0.category_id 
    where
        p1_0.id=?
Hibernate: 
    select
        s1_0.id,
        s1_0.branch_id,
        b1_0.id,
        b1_0.address,
        b1_0.name,
        s1_0.created_at,
        s1_0.payment_type_id,
        pt1_0.id,
        pt1_0.name,
        s1_0.pos_id,
        pt2_0.id,
        pt2_0.branch_id,
        b2_0.id,
        b2_0.address,
        b2_0.name,
        pt2_0.name,
        s1_0.synced,
        s1_0.total_amount,
        i1_0.sale_id,
        i1_0.id,
        i1_0.discount_amount,
        dr1_0.id,
        dr1_0.active,
        dr1_0.discount_value,
        dr1_0.name,
        dr1_0.type,
        i1_0.price,
        i1_0.product_id,
        p1_0.id,
        p1_0.active,
        p1_0.category_id,
        c1_0.id,
        c1_0.name,
        p1_0.created_at,
        p1_0.name,
        p1_0.updated_at,
        i1_0.quantity 
    from
        sales s1_0 
    join
        branch b1_0 
            on b1_0.id=s1_0.branch_id 
    join
        payment_type pt1_0 
            on pt1_0.id=s1_0.payment_type_id 
    join
        pos_terminal pt2_0 
            on pt2_0.id=s1_0.pos_id 
    left join
        branch b2_0 
            on b2_0.id=pt2_0.branch_id 
    left join
        sale_item i1_0 
            on s1_0.id=i1_0.sale_id 
    left join
        discount_rule dr1_0 
            on dr1_0.id=i1_0.discount_rule_id 
    left join
        product p1_0 
            on p1_0.id=i1_0.product_id 
    left join
        category c1_0 
            on c1_0.id=p1_0.category_id 
    where
        s1_0.id=?
Hibernate: 
    insert 
    into
        sales
        (branch_id, created_at, payment_type_id, pos_id, synced, total_amount, id) 
    values
        (?, ?, ?, ?, ?, ?, ?)
Hibernate: 
    insert 
    into
        sale_item
        (discount_amount, discount_rule_id, price, product_id, quantity, sale_id, id) 
    values
        (?, ?, ?, ?, ?, ?, default)
Hibernate: 
    update
        inventory 
    set
        branch_id=?,
        product_id=?,
        quantity=? 
    where
        id=?
Hibernate: 
    select
        p1_0.id,
        p1_0.active,
        p1_0.category_id,
        c1_0.id,
        c1_0.name,
        p1_0.created_at,
        p1_0.name,
        p1_0.updated_at 
    from
        product p1_0 
    join
        category c1_0 
            on c1_0.id=p1_0.category_id 
    where
        p1_0.id=?
Hibernate: 
    select
        s1_0.id,
        s1_0.branch_id,
        b1_0.id,
        b1_0.address,
        b1_0.name,
        s1_0.created_at,
        s1_0.payment_type_id,
        pt1_0.id,
        pt1_0.name,
        s1_0.pos_id,
        pt2_0.id,
        pt2_0.branch_id,
        b2_0.id,
        b2_0.address,
        b2_0.name,
        pt2_0.name,
        s1_0.synced,
        s1_0.total_amount,
        i1_0.sale_id,
        i1_0.id,
        i1_0.discount_amount,
        dr1_0.id,
        dr1_0.active,
        dr1_0.discount_value,
        dr1_0.name,
        dr1_0.type,
        i1_0.price,
        i1_0.product_id,
        p1_0.id,
        p1_0.active,
        p1_0.category_id,
        c1_0.id,
        c1_0.name,
        p1_0.created_at,
        p1_0.name,
        p1_0.updated_at,
        i1_0.quantity 
    from
        sales s1_0 
    join
        branch b1_0 
            on b1_0.id=s1_0.branch_id 
    join
        payment_type pt1_0 
            on pt1_0.id=s1_0.payment_type_id 
    join
        pos_terminal pt2_0 
            on pt2_0.id=s1_0.pos_id 
    left join
        branch b2_0 
            on b2_0.id=pt2_0.branch_id 
    left join
        sale_item i1_0 
            on s1_0.id=i1_0.sale_id 
    left join
        discount_rule dr1_0 
            on dr1_0.id=i1_0.discount_rule_id 
    left join
        product p1_0 
            on p1_0.id=i1_0.product_id 
    left join
        category c1_0 
            on c1_0.id=p1_0.category_id 
    where
        s1_0.id=?
Hibernate: 
    insert 
    into
        sales
        (branch_id, created_at, payment_type_id, pos_id, synced, total_amount, id) 
    values
        (?, ?, ?, ?, ?, ?, ?)
Hibernate: 
    insert 
    into
        sale_item
        (discount_amount, discount_rule_id, price, product_id, quantity, sale_id, id) 
    values
        (?, ?, ?, ?, ?, ?, default)
Hibernate: 
    update
        inventory 
    set
        branch_id=?,
        product_id=?,
        quantity=? 
    where
        id=?
Hibernate: 
    select
        i1_0.id,
        i1_0.branch_id,
        i1_0.product_id,
        i1_0.quantity 
    from
        inventory i1_0 
    left join
        branch b1_0 
            on b1_0.id=i1_0.branch_id 
    left join
        product p1_0 
            on p1_0.id=i1_0.product_id 
    where
        b1_0.id=? 
        and p1_0.id=?
Hibernate: 
    select
        b1_0.id,
        b1_0.address,
        b1_0.name 
    from
        branch b1_0 
    where
        b1_0.id=?
Hibernate: 
    select
        p1_0.id,
        p1_0.active,
        p1_0.category_id,
        c1_0.id,
        c1_0.name,
        p1_0.created_at,
        p1_0.name,
        p1_0.updated_at 
    from
        product p1_0 
    join
        category c1_0 
            on c1_0.id=p1_0.category_id 
    where
        p1_0.id=?
]]></system-out>
  </testcase>
</testsuite>